{"E:\\VMO_JS\\SequelizeSQL\\index.js": {"path":"E:\\VMO_JS\\SequelizeSQL\\index.js","statementMap":{"0":{"start":{"line":1,"column":0},"end":{"line":1,"column":26}},"1":{"start":{"line":2,"column":16},"end":{"line":2,"column":34}},"2":{"start":{"line":3,"column":21},"end":{"line":3,"column":45}},"3":{"start":{"line":4,"column":15},"end":{"line":4,"column":44}},"4":{"start":{"line":5,"column":18},"end":{"line":5,"column":47}},"5":{"start":{"line":6,"column":13},"end":{"line":6,"column":34}},"6":{"start":{"line":9,"column":12},"end":{"line":9,"column":21}},"7":{"start":{"line":10,"column":0},"end":{"line":10,"column":33}},"8":{"start":{"line":11,"column":0},"end":{"line":11,"column":23}},"9":{"start":{"line":12,"column":0},"end":{"line":12,"column":23}},"10":{"start":{"line":14,"column":0},"end":{"line":14,"column":20}},"11":{"start":{"line":16,"column":13},"end":{"line":16,"column":37}},"12":{"start":{"line":19,"column":0},"end":{"line":19,"column":60}},"13":{"start":{"line":21,"column":15},"end":{"line":23,"column":2}},"14":{"start":{"line":22,"column":4},"end":{"line":22,"column":50}},"15":{"start":{"line":25,"column":0},"end":{"line":25,"column":32}}},"fnMap":{"0":{"name":"(anonymous_0)","decl":{"start":{"line":21,"column":32},"end":{"line":21,"column":33}},"loc":{"start":{"line":21,"column":38},"end":{"line":23,"column":1}},"line":21}},"branchMap":{"0":{"loc":{"start":{"line":16,"column":13},"end":{"line":16,"column":37}},"type":"binary-expr","locations":[{"start":{"line":16,"column":13},"end":{"line":16,"column":29}},{"start":{"line":16,"column":33},"end":{"line":16,"column":37}}],"line":16}},"s":{"0":6,"1":6,"2":6,"3":6,"4":6,"5":6,"6":6,"7":6,"8":6,"9":6,"10":6,"11":6,"12":6,"13":6,"14":6,"15":6},"f":{"0":6},"b":{"0":[6,6]},"_coverageSchema":"1a1c01bbd47fc00a2c39e90264f33305004495a9","hash":"6b122784a57016367f6ae23c70b9562066f5221e"}
,"E:\\VMO_JS\\SequelizeSQL\\src\\config\\index.js": {"path":"E:\\VMO_JS\\SequelizeSQL\\src\\config\\index.js","statementMap":{"0":{"start":{"line":1,"column":25},"end":{"line":1,"column":54}},"1":{"start":{"line":3,"column":0},"end":{"line":5,"column":1}}},"fnMap":{},"branchMap":{},"s":{"0":6,"1":6},"f":{},"b":{},"_coverageSchema":"1a1c01bbd47fc00a2c39e90264f33305004495a9","hash":"e74c324fae44b87ada42a8977e484404fa681a04"}
,"E:\\VMO_JS\\SequelizeSQL\\src\\config\\sequelizeConnect.js": {"path":"E:\\VMO_JS\\SequelizeSQL\\src\\config\\sequelizeConnect.js","statementMap":{"0":{"start":{"line":1,"column":22},"end":{"line":1,"column":42}},"1":{"start":{"line":2,"column":0},"end":{"line":2,"column":26}},"2":{"start":{"line":3,"column":65},"end":{"line":3,"column":76}},"3":{"start":{"line":6,"column":25},"end":{"line":11,"column":2}},"4":{"start":{"line":13,"column":0},"end":{"line":20,"column":1}},"5":{"start":{"line":14,"column":0},"end":{"line":19,"column":80}},"6":{"start":{"line":17,"column":4},"end":{"line":17,"column":74}},"7":{"start":{"line":19,"column":20},"end":{"line":19,"column":79}},"8":{"start":{"line":23,"column":0},"end":{"line":23,"column":33}}},"fnMap":{"0":{"name":"(anonymous_0)","decl":{"start":{"line":16,"column":8},"end":{"line":16,"column":9}},"loc":{"start":{"line":17,"column":4},"end":{"line":17,"column":74}},"line":17},"1":{"name":"(anonymous_1)","decl":{"start":{"line":19,"column":9},"end":{"line":19,"column":10}},"loc":{"start":{"line":19,"column":20},"end":{"line":19,"column":79}},"line":19}},"branchMap":{"0":{"loc":{"start":{"line":13,"column":0},"end":{"line":20,"column":1}},"type":"if","locations":[{"start":{"line":13,"column":0},"end":{"line":20,"column":1}},{"start":{},"end":{}}],"line":13}},"s":{"0":6,"1":6,"2":6,"3":6,"4":6,"5":0,"6":0,"7":0,"8":6},"f":{"0":0,"1":0},"b":{"0":[0,6]},"_coverageSchema":"1a1c01bbd47fc00a2c39e90264f33305004495a9","hash":"b29136f2f6bea6568496318324a2b8147e48f928"}
,"E:\\VMO_JS\\SequelizeSQL\\src\\contains\\role.js": {"path":"E:\\VMO_JS\\SequelizeSQL\\src\\contains\\role.js","statementMap":{"0":{"start":{"line":1,"column":13},"end":{"line":4,"column":1}},"1":{"start":{"line":5,"column":0},"end":{"line":5,"column":22}}},"fnMap":{},"branchMap":{},"s":{"0":6,"1":6},"f":{},"b":{},"_coverageSchema":"1a1c01bbd47fc00a2c39e90264f33305004495a9","hash":"355dd10569bdd0fd108af35bef930bddec2c4916"}
,"E:\\VMO_JS\\SequelizeSQL\\src\\docs\\basicInfo.js": {"path":"E:\\VMO_JS\\SequelizeSQL\\src\\docs\\basicInfo.js","statementMap":{"0":{"start":{"line":1,"column":0},"end":{"line":13,"column":1}}},"fnMap":{},"branchMap":{},"s":{"0":6},"f":{},"b":{},"_coverageSchema":"1a1c01bbd47fc00a2c39e90264f33305004495a9","hash":"1e574035a09d23507e63e2a85564a085795cf0a6"}
,"E:\\VMO_JS\\SequelizeSQL\\src\\docs\\components.js": {"path":"E:\\VMO_JS\\SequelizeSQL\\src\\docs\\components.js","statementMap":{"0":{"start":{"line":1,"column":0},"end":{"line":136,"column":1}}},"fnMap":{},"branchMap":{},"s":{"0":6},"f":{},"b":{},"_coverageSchema":"1a1c01bbd47fc00a2c39e90264f33305004495a9","hash":"54d0d7b7c47fad67fe2ed7e8ffae1e718bb2d78c"}
,"E:\\VMO_JS\\SequelizeSQL\\src\\docs\\index.js": {"path":"E:\\VMO_JS\\SequelizeSQL\\src\\docs\\index.js","statementMap":{"0":{"start":{"line":2,"column":18},"end":{"line":2,"column":40}},"1":{"start":{"line":3,"column":16},"end":{"line":3,"column":36}},"2":{"start":{"line":4,"column":19},"end":{"line":4,"column":42}},"3":{"start":{"line":5,"column":14},"end":{"line":5,"column":32}},"4":{"start":{"line":6,"column":0},"end":{"line":11,"column":2}}},"fnMap":{},"branchMap":{},"s":{"0":6,"1":6,"2":6,"3":6,"4":6},"f":{},"b":{},"_coverageSchema":"1a1c01bbd47fc00a2c39e90264f33305004495a9","hash":"d6f7a41de5a2af6270d6ca68029458cba125278a"}
,"E:\\VMO_JS\\SequelizeSQL\\src\\docs\\paths.js": {"path":"E:\\VMO_JS\\SequelizeSQL\\src\\docs\\paths.js","statementMap":{"0":{"start":{"line":2,"column":14},"end":{"line":2,"column":38}},"1":{"start":{"line":3,"column":16},"end":{"line":3,"column":42}},"2":{"start":{"line":4,"column":16},"end":{"line":4,"column":42}},"3":{"start":{"line":5,"column":14},"end":{"line":5,"column":38}},"4":{"start":{"line":6,"column":21},"end":{"line":6,"column":53}},"5":{"start":{"line":8,"column":0},"end":{"line":16,"column":1}}},"fnMap":{},"branchMap":{},"s":{"0":6,"1":6,"2":6,"3":6,"4":6,"5":6},"f":{},"b":{},"_coverageSchema":"1a1c01bbd47fc00a2c39e90264f33305004495a9","hash":"ff92b54b60a77ccd83da7ebd0be30cd4a97d26fd"}
,"E:\\VMO_JS\\SequelizeSQL\\src\\docs\\servers.js": {"path":"E:\\VMO_JS\\SequelizeSQL\\src\\docs\\servers.js","statementMap":{"0":{"start":{"line":1,"column":0},"end":{"line":8,"column":1}}},"fnMap":{},"branchMap":{},"s":{"0":6},"f":{},"b":{},"_coverageSchema":"1a1c01bbd47fc00a2c39e90264f33305004495a9","hash":"7ab6b67e70f424dc3da5f62fbd476671b561e8bb"}
,"E:\\VMO_JS\\SequelizeSQL\\src\\docs\\account\\changePassword.js": {"path":"E:\\VMO_JS\\SequelizeSQL\\src\\docs\\account\\changePassword.js","statementMap":{"0":{"start":{"line":1,"column":0},"end":{"line":42,"column":1}}},"fnMap":{},"branchMap":{},"s":{"0":6},"f":{},"b":{},"_coverageSchema":"1a1c01bbd47fc00a2c39e90264f33305004495a9","hash":"c4aadf2f11daa3666831e4f60af4544f6c0906dd"}
,"E:\\VMO_JS\\SequelizeSQL\\src\\docs\\account\\index.js": {"path":"E:\\VMO_JS\\SequelizeSQL\\src\\docs\\account\\index.js","statementMap":{"0":{"start":{"line":1,"column":14},"end":{"line":1,"column":32}},"1":{"start":{"line":2,"column":17},"end":{"line":2,"column":38}},"2":{"start":{"line":3,"column":23},"end":{"line":3,"column":50}},"3":{"start":{"line":4,"column":22},"end":{"line":4,"column":48}},"4":{"start":{"line":5,"column":20},"end":{"line":5,"column":44}},"5":{"start":{"line":6,"column":21},"end":{"line":6,"column":46}},"6":{"start":{"line":8,"column":0},"end":{"line":27,"column":1}}},"fnMap":{},"branchMap":{},"s":{"0":6,"1":6,"2":6,"3":6,"4":6,"5":6,"6":6},"f":{},"b":{},"_coverageSchema":"1a1c01bbd47fc00a2c39e90264f33305004495a9","hash":"2c1ce2b5946597148b32b54646b573de3b49cdcb"}
,"E:\\VMO_JS\\SequelizeSQL\\src\\docs\\account\\login.js": {"path":"E:\\VMO_JS\\SequelizeSQL\\src\\docs\\account\\login.js","statementMap":{"0":{"start":{"line":1,"column":0},"end":{"line":25,"column":1}}},"fnMap":{},"branchMap":{},"s":{"0":6},"f":{},"b":{},"_coverageSchema":"1a1c01bbd47fc00a2c39e90264f33305004495a9","hash":"fc02df6f0bed12e6712a4a92d1ffcaabd7d1bf0e"}
,"E:\\VMO_JS\\SequelizeSQL\\src\\docs\\account\\refreshToken.js": {"path":"E:\\VMO_JS\\SequelizeSQL\\src\\docs\\account\\refreshToken.js","statementMap":{"0":{"start":{"line":1,"column":0},"end":{"line":37,"column":1}}},"fnMap":{},"branchMap":{},"s":{"0":6},"f":{},"b":{},"_coverageSchema":"1a1c01bbd47fc00a2c39e90264f33305004495a9","hash":"1800b7bbb11a76efe6e9fc00f5e63ee4ba9c2046"}
,"E:\\VMO_JS\\SequelizeSQL\\src\\docs\\account\\register.js": {"path":"E:\\VMO_JS\\SequelizeSQL\\src\\docs\\account\\register.js","statementMap":{"0":{"start":{"line":1,"column":0},"end":{"line":25,"column":1}}},"fnMap":{},"branchMap":{},"s":{"0":6},"f":{},"b":{},"_coverageSchema":"1a1c01bbd47fc00a2c39e90264f33305004495a9","hash":"8af4bcce5a617e9e69e16abac5b981f1f4790c6b"}
,"E:\\VMO_JS\\SequelizeSQL\\src\\docs\\account\\resetPassword.js": {"path":"E:\\VMO_JS\\SequelizeSQL\\src\\docs\\account\\resetPassword.js","statementMap":{"0":{"start":{"line":1,"column":0},"end":{"line":33,"column":1}}},"fnMap":{},"branchMap":{},"s":{"0":6},"f":{},"b":{},"_coverageSchema":"1a1c01bbd47fc00a2c39e90264f33305004495a9","hash":"7033332083251e31e921bdaf78c7507f1f1e6bb7"}
,"E:\\VMO_JS\\SequelizeSQL\\src\\docs\\account\\updateAdmin.js": {"path":"E:\\VMO_JS\\SequelizeSQL\\src\\docs\\account\\updateAdmin.js","statementMap":{"0":{"start":{"line":1,"column":0},"end":{"line":42,"column":1}}},"fnMap":{},"branchMap":{},"s":{"0":6},"f":{},"b":{},"_coverageSchema":"1a1c01bbd47fc00a2c39e90264f33305004495a9","hash":"02b93ce4220641b2cf4f940290a3a37ac8f30129"}
,"E:\\VMO_JS\\SequelizeSQL\\src\\docs\\order\\create-order.js": {"path":"E:\\VMO_JS\\SequelizeSQL\\src\\docs\\order\\create-order.js","statementMap":{"0":{"start":{"line":1,"column":0},"end":{"line":30,"column":1}}},"fnMap":{},"branchMap":{},"s":{"0":6},"f":{},"b":{},"_coverageSchema":"1a1c01bbd47fc00a2c39e90264f33305004495a9","hash":"12fa2c4f8838918631747615efbdd0a8f7c60fa9"}
,"E:\\VMO_JS\\SequelizeSQL\\src\\docs\\order\\delete-order.js": {"path":"E:\\VMO_JS\\SequelizeSQL\\src\\docs\\order\\delete-order.js","statementMap":{"0":{"start":{"line":1,"column":0},"end":{"line":34,"column":1}}},"fnMap":{},"branchMap":{},"s":{"0":6},"f":{},"b":{},"_coverageSchema":"1a1c01bbd47fc00a2c39e90264f33305004495a9","hash":"d1e7b877dfbdaa0f4a4f9db398eb0f474d7f7f1d"}
,"E:\\VMO_JS\\SequelizeSQL\\src\\docs\\order\\get-order.js": {"path":"E:\\VMO_JS\\SequelizeSQL\\src\\docs\\order\\get-order.js","statementMap":{"0":{"start":{"line":1,"column":0},"end":{"line":49,"column":1}}},"fnMap":{},"branchMap":{},"s":{"0":6},"f":{},"b":{},"_coverageSchema":"1a1c01bbd47fc00a2c39e90264f33305004495a9","hash":"1647fdba1f94bb35a8fe199301f64a70c568969d"}
,"E:\\VMO_JS\\SequelizeSQL\\src\\docs\\order\\get-orderAll.js": {"path":"E:\\VMO_JS\\SequelizeSQL\\src\\docs\\order\\get-orderAll.js","statementMap":{"0":{"start":{"line":1,"column":0},"end":{"line":25,"column":1}}},"fnMap":{},"branchMap":{},"s":{"0":6},"f":{},"b":{},"_coverageSchema":"1a1c01bbd47fc00a2c39e90264f33305004495a9","hash":"f4b3e657092a1f4f01ba39c69c704996e2a9f844"}
,"E:\\VMO_JS\\SequelizeSQL\\src\\docs\\order\\get-orders.js": {"path":"E:\\VMO_JS\\SequelizeSQL\\src\\docs\\order\\get-orders.js","statementMap":{"0":{"start":{"line":1,"column":0},"end":{"line":25,"column":1}}},"fnMap":{},"branchMap":{},"s":{"0":6},"f":{},"b":{},"_coverageSchema":"1a1c01bbd47fc00a2c39e90264f33305004495a9","hash":"b4914776ff6a360bcc702b7a32534371f1a90e74"}
,"E:\\VMO_JS\\SequelizeSQL\\src\\docs\\order\\index.js": {"path":"E:\\VMO_JS\\SequelizeSQL\\src\\docs\\order\\index.js","statementMap":{"0":{"start":{"line":1,"column":18},"end":{"line":1,"column":41}},"1":{"start":{"line":2,"column":17},"end":{"line":2,"column":39}},"2":{"start":{"line":3,"column":20},"end":{"line":3,"column":45}},"3":{"start":{"line":4,"column":20},"end":{"line":4,"column":45}},"4":{"start":{"line":5,"column":20},"end":{"line":5,"column":45}},"5":{"start":{"line":6,"column":20},"end":{"line":6,"column":45}},"6":{"start":{"line":8,"column":0},"end":{"line":21,"column":1}}},"fnMap":{},"branchMap":{},"s":{"0":6,"1":6,"2":6,"3":6,"4":6,"5":6,"6":6},"f":{},"b":{},"_coverageSchema":"1a1c01bbd47fc00a2c39e90264f33305004495a9","hash":"74b69f3c55b05c84d90ac0b2de5ab3ae9a443fad"}
,"E:\\VMO_JS\\SequelizeSQL\\src\\docs\\order\\update-order.js": {"path":"E:\\VMO_JS\\SequelizeSQL\\src\\docs\\order\\update-order.js","statementMap":{"0":{"start":{"line":1,"column":0},"end":{"line":43,"column":1}}},"fnMap":{},"branchMap":{},"s":{"0":6},"f":{},"b":{},"_coverageSchema":"1a1c01bbd47fc00a2c39e90264f33305004495a9","hash":"024f76840662fb042bffa45ea1a1c6506a320f62"}
,"E:\\VMO_JS\\SequelizeSQL\\src\\docs\\order_details\\create-orderDetail.js": {"path":"E:\\VMO_JS\\SequelizeSQL\\src\\docs\\order_details\\create-orderDetail.js","statementMap":{"0":{"start":{"line":1,"column":0},"end":{"line":30,"column":1}}},"fnMap":{},"branchMap":{},"s":{"0":6},"f":{},"b":{},"_coverageSchema":"1a1c01bbd47fc00a2c39e90264f33305004495a9","hash":"05fe6da0d76dfce69adff77df85fd41cee1413cd"}
,"E:\\VMO_JS\\SequelizeSQL\\src\\docs\\order_details\\delete-orderDetail.js": {"path":"E:\\VMO_JS\\SequelizeSQL\\src\\docs\\order_details\\delete-orderDetail.js","statementMap":{"0":{"start":{"line":1,"column":0},"end":{"line":34,"column":1}}},"fnMap":{},"branchMap":{},"s":{"0":6},"f":{},"b":{},"_coverageSchema":"1a1c01bbd47fc00a2c39e90264f33305004495a9","hash":"44a56bff5e6ce6d4d34482cbb11cd5187e8d42aa"}
,"E:\\VMO_JS\\SequelizeSQL\\src\\docs\\order_details\\get-orderDetail.js": {"path":"E:\\VMO_JS\\SequelizeSQL\\src\\docs\\order_details\\get-orderDetail.js","statementMap":{"0":{"start":{"line":1,"column":0},"end":{"line":49,"column":1}}},"fnMap":{},"branchMap":{},"s":{"0":6},"f":{},"b":{},"_coverageSchema":"1a1c01bbd47fc00a2c39e90264f33305004495a9","hash":"ef4401c46e2d576e788bb2967736382fa7485f75"}
,"E:\\VMO_JS\\SequelizeSQL\\src\\docs\\order_details\\get-orderDetails.js": {"path":"E:\\VMO_JS\\SequelizeSQL\\src\\docs\\order_details\\get-orderDetails.js","statementMap":{"0":{"start":{"line":1,"column":0},"end":{"line":25,"column":1}}},"fnMap":{},"branchMap":{},"s":{"0":6},"f":{},"b":{},"_coverageSchema":"1a1c01bbd47fc00a2c39e90264f33305004495a9","hash":"22248d2e38902807493bfcb40cb17d5c198e6b44"}
,"E:\\VMO_JS\\SequelizeSQL\\src\\docs\\order_details\\index.js": {"path":"E:\\VMO_JS\\SequelizeSQL\\src\\docs\\order_details\\index.js","statementMap":{"0":{"start":{"line":1,"column":24},"end":{"line":1,"column":53}},"1":{"start":{"line":2,"column":23},"end":{"line":2,"column":51}},"2":{"start":{"line":3,"column":26},"end":{"line":3,"column":57}},"3":{"start":{"line":4,"column":26},"end":{"line":4,"column":57}},"4":{"start":{"line":5,"column":26},"end":{"line":5,"column":57}},"5":{"start":{"line":7,"column":0},"end":{"line":16,"column":1}}},"fnMap":{},"branchMap":{},"s":{"0":6,"1":6,"2":6,"3":6,"4":6,"5":6},"f":{},"b":{},"_coverageSchema":"1a1c01bbd47fc00a2c39e90264f33305004495a9","hash":"3b8c6c29dab4ec043e7c274c15f96d2da5182fe5"}
,"E:\\VMO_JS\\SequelizeSQL\\src\\docs\\order_details\\update-orderDetail.js": {"path":"E:\\VMO_JS\\SequelizeSQL\\src\\docs\\order_details\\update-orderDetail.js","statementMap":{"0":{"start":{"line":1,"column":0},"end":{"line":43,"column":1}}},"fnMap":{},"branchMap":{},"s":{"0":6},"f":{},"b":{},"_coverageSchema":"1a1c01bbd47fc00a2c39e90264f33305004495a9","hash":"f43208d9540701dfb5190ea015084c9a02483bd0"}
,"E:\\VMO_JS\\SequelizeSQL\\src\\docs\\product\\create-product.js": {"path":"E:\\VMO_JS\\SequelizeSQL\\src\\docs\\product\\create-product.js","statementMap":{"0":{"start":{"line":1,"column":0},"end":{"line":30,"column":1}}},"fnMap":{},"branchMap":{},"s":{"0":6},"f":{},"b":{},"_coverageSchema":"1a1c01bbd47fc00a2c39e90264f33305004495a9","hash":"908c7bd11f97f5f73fefa1f97d2ada07247419cc"}
,"E:\\VMO_JS\\SequelizeSQL\\src\\docs\\product\\delete-product.js": {"path":"E:\\VMO_JS\\SequelizeSQL\\src\\docs\\product\\delete-product.js","statementMap":{"0":{"start":{"line":1,"column":0},"end":{"line":34,"column":1}}},"fnMap":{},"branchMap":{},"s":{"0":6},"f":{},"b":{},"_coverageSchema":"1a1c01bbd47fc00a2c39e90264f33305004495a9","hash":"b6e52c494e234715a5e250787495fe182028edc5"}
,"E:\\VMO_JS\\SequelizeSQL\\src\\docs\\product\\get-product.js": {"path":"E:\\VMO_JS\\SequelizeSQL\\src\\docs\\product\\get-product.js","statementMap":{"0":{"start":{"line":1,"column":0},"end":{"line":44,"column":1}}},"fnMap":{},"branchMap":{},"s":{"0":6},"f":{},"b":{},"_coverageSchema":"1a1c01bbd47fc00a2c39e90264f33305004495a9","hash":"5f5f74774bdbf74bb60db4e114ef24302f6f02c0"}
,"E:\\VMO_JS\\SequelizeSQL\\src\\docs\\product\\get-products.js": {"path":"E:\\VMO_JS\\SequelizeSQL\\src\\docs\\product\\get-products.js","statementMap":{"0":{"start":{"line":1,"column":0},"end":{"line":20,"column":1}}},"fnMap":{},"branchMap":{},"s":{"0":6},"f":{},"b":{},"_coverageSchema":"1a1c01bbd47fc00a2c39e90264f33305004495a9","hash":"ae51477e322d5578ac704b3773bc96ea1c6af2ae"}
,"E:\\VMO_JS\\SequelizeSQL\\src\\docs\\product\\index.js": {"path":"E:\\VMO_JS\\SequelizeSQL\\src\\docs\\product\\index.js","statementMap":{"0":{"start":{"line":1,"column":20},"end":{"line":1,"column":45}},"1":{"start":{"line":2,"column":19},"end":{"line":2,"column":43}},"2":{"start":{"line":3,"column":22},"end":{"line":3,"column":49}},"3":{"start":{"line":4,"column":22},"end":{"line":4,"column":49}},"4":{"start":{"line":5,"column":22},"end":{"line":5,"column":49}},"5":{"start":{"line":7,"column":0},"end":{"line":17,"column":1}}},"fnMap":{},"branchMap":{},"s":{"0":6,"1":6,"2":6,"3":6,"4":6,"5":6},"f":{},"b":{},"_coverageSchema":"1a1c01bbd47fc00a2c39e90264f33305004495a9","hash":"d625b16568f30b6f3ed4fafb88757c47fe1cf0c0"}
,"E:\\VMO_JS\\SequelizeSQL\\src\\docs\\product\\update-product.js": {"path":"E:\\VMO_JS\\SequelizeSQL\\src\\docs\\product\\update-product.js","statementMap":{"0":{"start":{"line":1,"column":0},"end":{"line":43,"column":1}}},"fnMap":{},"branchMap":{},"s":{"0":6},"f":{},"b":{},"_coverageSchema":"1a1c01bbd47fc00a2c39e90264f33305004495a9","hash":"54dbef91baff832deeac29b421673e6e5958411c"}
,"E:\\VMO_JS\\SequelizeSQL\\src\\docs\\users\\create-user.js": {"path":"E:\\VMO_JS\\SequelizeSQL\\src\\docs\\users\\create-user.js","statementMap":{"0":{"start":{"line":1,"column":0},"end":{"line":30,"column":1}}},"fnMap":{},"branchMap":{},"s":{"0":6},"f":{},"b":{},"_coverageSchema":"1a1c01bbd47fc00a2c39e90264f33305004495a9","hash":"1f32bb2dae4e2cb4cf71dfcf5b20743356697318"}
,"E:\\VMO_JS\\SequelizeSQL\\src\\docs\\users\\delete-user.js": {"path":"E:\\VMO_JS\\SequelizeSQL\\src\\docs\\users\\delete-user.js","statementMap":{"0":{"start":{"line":1,"column":0},"end":{"line":34,"column":1}}},"fnMap":{},"branchMap":{},"s":{"0":6},"f":{},"b":{},"_coverageSchema":"1a1c01bbd47fc00a2c39e90264f33305004495a9","hash":"62ab871e464d51e83a301058044f40e767a75d81"}
,"E:\\VMO_JS\\SequelizeSQL\\src\\docs\\users\\get-user.js": {"path":"E:\\VMO_JS\\SequelizeSQL\\src\\docs\\users\\get-user.js","statementMap":{"0":{"start":{"line":1,"column":0},"end":{"line":49,"column":1}}},"fnMap":{},"branchMap":{},"s":{"0":6},"f":{},"b":{},"_coverageSchema":"1a1c01bbd47fc00a2c39e90264f33305004495a9","hash":"ab8cf1f2dc7f2a1e43d5fbefe51ff3f7a473fd89"}
,"E:\\VMO_JS\\SequelizeSQL\\src\\docs\\users\\get-users.js": {"path":"E:\\VMO_JS\\SequelizeSQL\\src\\docs\\users\\get-users.js","statementMap":{"0":{"start":{"line":1,"column":0},"end":{"line":25,"column":1}}},"fnMap":{},"branchMap":{},"s":{"0":6},"f":{},"b":{},"_coverageSchema":"1a1c01bbd47fc00a2c39e90264f33305004495a9","hash":"38638540483868d20b58ffbed2031937f0905ab0"}
,"E:\\VMO_JS\\SequelizeSQL\\src\\docs\\users\\index.js": {"path":"E:\\VMO_JS\\SequelizeSQL\\src\\docs\\users\\index.js","statementMap":{"0":{"start":{"line":1,"column":17},"end":{"line":1,"column":39}},"1":{"start":{"line":2,"column":16},"end":{"line":2,"column":37}},"2":{"start":{"line":3,"column":19},"end":{"line":3,"column":43}},"3":{"start":{"line":4,"column":19},"end":{"line":4,"column":43}},"4":{"start":{"line":5,"column":19},"end":{"line":5,"column":43}},"5":{"start":{"line":7,"column":0},"end":{"line":17,"column":1}}},"fnMap":{},"branchMap":{},"s":{"0":6,"1":6,"2":6,"3":6,"4":6,"5":6},"f":{},"b":{},"_coverageSchema":"1a1c01bbd47fc00a2c39e90264f33305004495a9","hash":"bce0cd0e2fac973e0838f4783341f60040514787"}
,"E:\\VMO_JS\\SequelizeSQL\\src\\docs\\users\\update-user.js": {"path":"E:\\VMO_JS\\SequelizeSQL\\src\\docs\\users\\update-user.js","statementMap":{"0":{"start":{"line":1,"column":0},"end":{"line":43,"column":1}}},"fnMap":{},"branchMap":{},"s":{"0":6},"f":{},"b":{},"_coverageSchema":"1a1c01bbd47fc00a2c39e90264f33305004495a9","hash":"c6d2bea13c86a8d175bba5768206ad747efd67ef"}
,"E:\\VMO_JS\\SequelizeSQL\\src\\middleware\\auth.js": {"path":"E:\\VMO_JS\\SequelizeSQL\\src\\middleware\\auth.js","statementMap":{"0":{"start":{"line":1,"column":12},"end":{"line":1,"column":35}},"1":{"start":{"line":2,"column":20},"end":{"line":2,"column":47}},"2":{"start":{"line":4,"column":13},"end":{"line":29,"column":1}},"3":{"start":{"line":6,"column":2},"end":{"line":28,"column":3}},"4":{"start":{"line":7,"column":18},"end":{"line":7,"column":64}},"5":{"start":{"line":13,"column":4},"end":{"line":15,"column":5}},"6":{"start":{"line":14,"column":6},"end":{"line":14,"column":68}},"7":{"start":{"line":17,"column":4},"end":{"line":25,"column":6}},"8":{"start":{"line":18,"column":6},"end":{"line":20,"column":7}},"9":{"start":{"line":19,"column":8},"end":{"line":19,"column":70}},"10":{"start":{"line":22,"column":6},"end":{"line":22,"column":68}},"11":{"start":{"line":24,"column":6},"end":{"line":24,"column":12}},"12":{"start":{"line":27,"column":4},"end":{"line":27,"column":53}},"13":{"start":{"line":31,"column":0},"end":{"line":31,"column":21}}},"fnMap":{"0":{"name":"(anonymous_0)","decl":{"start":{"line":4,"column":13},"end":{"line":4,"column":14}},"loc":{"start":{"line":4,"column":33},"end":{"line":29,"column":1}},"line":4},"1":{"name":"(anonymous_1)","decl":{"start":{"line":17,"column":55},"end":{"line":17,"column":56}},"loc":{"start":{"line":17,"column":76},"end":{"line":25,"column":5}},"line":17}},"branchMap":{"0":{"loc":{"start":{"line":13,"column":4},"end":{"line":15,"column":5}},"type":"if","locations":[{"start":{"line":13,"column":4},"end":{"line":15,"column":5}},{"start":{},"end":{}}],"line":13},"1":{"loc":{"start":{"line":18,"column":6},"end":{"line":20,"column":7}},"type":"if","locations":[{"start":{"line":18,"column":6},"end":{"line":20,"column":7}},{"start":{},"end":{}}],"line":18}},"s":{"0":6,"1":6,"2":6,"3":21,"4":21,"5":21,"6":0,"7":21,"8":21,"9":0,"10":21,"11":21,"12":0,"13":6},"f":{"0":21,"1":21},"b":{"0":[0,21],"1":[0,21]},"_coverageSchema":"1a1c01bbd47fc00a2c39e90264f33305004495a9","hash":"992302f9b697e4f84087056cc358e12213ef7a1d"}
,"E:\\VMO_JS\\SequelizeSQL\\src\\middleware\\authRole.js": {"path":"E:\\VMO_JS\\SequelizeSQL\\src\\middleware\\authRole.js","statementMap":{"0":{"start":{"line":2,"column":2},"end":{"line":10,"column":3}},"1":{"start":{"line":3,"column":4},"end":{"line":9,"column":5}},"2":{"start":{"line":3,"column":28},"end":{"line":3,"column":50}},"3":{"start":{"line":4,"column":6},"end":{"line":4,"column":12}},"4":{"start":{"line":6,"column":6},"end":{"line":8,"column":72}},"5":{"start":{"line":12,"column":0},"end":{"line":12,"column":29}}},"fnMap":{"0":{"name":"authRole","decl":{"start":{"line":1,"column":9},"end":{"line":1,"column":17}},"loc":{"start":{"line":1,"column":24},"end":{"line":11,"column":1}},"line":1},"1":{"name":"(anonymous_1)","decl":{"start":{"line":2,"column":9},"end":{"line":2,"column":10}},"loc":{"start":{"line":2,"column":29},"end":{"line":10,"column":3}},"line":2},"2":{"name":"(anonymous_2)","decl":{"start":{"line":3,"column":18},"end":{"line":3,"column":19}},"loc":{"start":{"line":3,"column":28},"end":{"line":3,"column":50}},"line":3}},"branchMap":{"0":{"loc":{"start":{"line":3,"column":4},"end":{"line":9,"column":5}},"type":"if","locations":[{"start":{"line":3,"column":4},"end":{"line":9,"column":5}},{"start":{"line":5,"column":11},"end":{"line":9,"column":5}}],"line":3}},"s":{"0":84,"1":14,"2":14,"3":14,"4":0,"5":6},"f":{"0":84,"1":14,"2":14},"b":{"0":[14,0]},"_coverageSchema":"1a1c01bbd47fc00a2c39e90264f33305004495a9","hash":"3d477ca9ef5d80a0e50f458a53cf165a99616495"}
,"E:\\VMO_JS\\SequelizeSQL\\src\\middleware\\index.js": {"path":"E:\\VMO_JS\\SequelizeSQL\\src\\middleware\\index.js","statementMap":{"0":{"start":{"line":1,"column":15},"end":{"line":1,"column":32}},"1":{"start":{"line":2,"column":21},"end":{"line":2,"column":42}},"2":{"start":{"line":3,"column":23},"end":{"line":3,"column":46}},"3":{"start":{"line":5,"column":0},"end":{"line":5,"column":47}}},"fnMap":{},"branchMap":{},"s":{"0":6,"1":6,"2":6,"3":6},"f":{},"b":{},"_coverageSchema":"1a1c01bbd47fc00a2c39e90264f33305004495a9","hash":"383dab0d61da513c2c3ca0cac670febf9dcbe45c"}
,"E:\\VMO_JS\\SequelizeSQL\\src\\middleware\\validation.js": {"path":"E:\\VMO_JS\\SequelizeSQL\\src\\middleware\\validation.js","statementMap":{"0":{"start":{"line":1,"column":24},"end":{"line":1,"column":46}},"1":{"start":{"line":2,"column":13},"end":{"line":2,"column":43}},"2":{"start":{"line":7,"column":2},"end":{"line":9,"column":3}},"3":{"start":{"line":8,"column":4},"end":{"line":8,"column":60}},"4":{"start":{"line":11,"column":2},"end":{"line":20,"column":3}},"5":{"start":{"line":12,"column":4},"end":{"line":19,"column":5}},"6":{"start":{"line":13,"column":24},"end":{"line":13,"column":69}},"7":{"start":{"line":14,"column":6},"end":{"line":14,"column":26}},"8":{"start":{"line":15,"column":6},"end":{"line":15,"column":12}},"9":{"start":{"line":17,"column":6},"end":{"line":17,"column":80}},"10":{"start":{"line":17,"column":21},"end":{"line":17,"column":80}},"11":{"start":{"line":18,"column":6},"end":{"line":18,"column":32}},"12":{"start":{"line":23,"column":0},"end":{"line":23,"column":31}}},"fnMap":{"0":{"name":"validation","decl":{"start":{"line":5,"column":9},"end":{"line":5,"column":19}},"loc":{"start":{"line":5,"column":32},"end":{"line":21,"column":1}},"line":5},"1":{"name":"(anonymous_1)","decl":{"start":{"line":11,"column":9},"end":{"line":11,"column":10}},"loc":{"start":{"line":11,"column":41},"end":{"line":20,"column":3}},"line":11}},"branchMap":{"0":{"loc":{"start":{"line":7,"column":2},"end":{"line":9,"column":3}},"type":"if","locations":[{"start":{"line":7,"column":2},"end":{"line":9,"column":3}},{"start":{},"end":{}}],"line":7},"1":{"loc":{"start":{"line":17,"column":6},"end":{"line":17,"column":80}},"type":"if","locations":[{"start":{"line":17,"column":6},"end":{"line":17,"column":80}},{"start":{},"end":{}}],"line":17}},"s":{"0":6,"1":6,"2":60,"3":0,"4":60,"5":16,"6":16,"7":16,"8":16,"9":0,"10":0,"11":0,"12":6},"f":{"0":60,"1":16},"b":{"0":[0,60],"1":[0,0]},"_coverageSchema":"1a1c01bbd47fc00a2c39e90264f33305004495a9","hash":"5793cd0a939a22dde1c06ad856a78728274b49b0"}
,"E:\\VMO_JS\\SequelizeSQL\\src\\modules\\index.js": {"path":"E:\\VMO_JS\\SequelizeSQL\\src\\modules\\index.js","statementMap":{"0":{"start":{"line":1,"column":29},"end":{"line":1,"column":55}},"1":{"start":{"line":4,"column":22},"end":{"line":4,"column":50}},"2":{"start":{"line":5,"column":25},"end":{"line":5,"column":59}},"3":{"start":{"line":6,"column":23},"end":{"line":6,"column":62}},"4":{"start":{"line":9,"column":4},"end":{"line":9,"column":59}},"5":{"start":{"line":11,"column":0},"end":{"line":14,"column":2}},"6":{"start":{"line":16,"column":0},"end":{"line":19,"column":2}},"7":{"start":{"line":21,"column":0},"end":{"line":24,"column":2}},"8":{"start":{"line":25,"column":0},"end":{"line":28,"column":2}},"9":{"start":{"line":30,"column":0},"end":{"line":33,"column":2}},"10":{"start":{"line":36,"column":0},"end":{"line":43,"column":4}},"11":{"start":{"line":39,"column":4},"end":{"line":39,"column":41}},"12":{"start":{"line":42,"column":4},"end":{"line":42,"column":22}},"13":{"start":{"line":45,"column":0},"end":{"line":50,"column":1}}},"fnMap":{"0":{"name":"(anonymous_0)","decl":{"start":{"line":38,"column":8},"end":{"line":38,"column":9}},"loc":{"start":{"line":38,"column":20},"end":{"line":40,"column":3}},"line":38},"1":{"name":"(anonymous_1)","decl":{"start":{"line":41,"column":9},"end":{"line":41,"column":10}},"loc":{"start":{"line":41,"column":20},"end":{"line":43,"column":3}},"line":41}},"branchMap":{},"s":{"0":6,"1":6,"2":6,"3":6,"4":6,"5":6,"6":6,"7":6,"8":6,"9":6,"10":6,"11":6,"12":0,"13":6},"f":{"0":6,"1":0},"b":{},"_coverageSchema":"1a1c01bbd47fc00a2c39e90264f33305004495a9","hash":"2af16b3f6889c0bee7c95040910ea0a1dbf031b1"}
,"E:\\VMO_JS\\SequelizeSQL\\src\\modules\\order\\order.controller.js": {"path":"E:\\VMO_JS\\SequelizeSQL\\src\\modules\\order\\order.controller.js","statementMap":{"0":{"start":{"line":1,"column":54},"end":{"line":1,"column":73}},"1":{"start":{"line":2,"column":25},"end":{"line":2,"column":60}},"2":{"start":{"line":4,"column":24},"end":{"line":144,"column":1}},"3":{"start":{"line":6,"column":8},"end":{"line":12,"column":9}},"4":{"start":{"line":7,"column":25},"end":{"line":7,"column":61}},"5":{"start":{"line":9,"column":10},"end":{"line":9,"column":26}},"6":{"start":{"line":11,"column":10},"end":{"line":11,"column":50}},"7":{"start":{"line":15,"column":4},"end":{"line":38,"column":5}},"8":{"start":{"line":16,"column":21},"end":{"line":33,"column":7}},"9":{"start":{"line":34,"column":6},"end":{"line":34,"column":42}},"10":{"start":{"line":35,"column":6},"end":{"line":35,"column":29}},"11":{"start":{"line":37,"column":6},"end":{"line":37,"column":46}},"12":{"start":{"line":41,"column":4},"end":{"line":59,"column":5}},"13":{"start":{"line":42,"column":20},"end":{"line":52,"column":8}},"14":{"start":{"line":53,"column":6},"end":{"line":55,"column":8}},"15":{"start":{"line":58,"column":6},"end":{"line":58,"column":46}},"16":{"start":{"line":63,"column":4},"end":{"line":106,"column":5}},"17":{"start":{"line":64,"column":52},"end":{"line":64,"column":60}},"18":{"start":{"line":66,"column":6},"end":{"line":68,"column":7}},"19":{"start":{"line":67,"column":8},"end":{"line":67,"column":67}},"20":{"start":{"line":70,"column":22},"end":{"line":70,"column":33}},"21":{"start":{"line":72,"column":6},"end":{"line":78,"column":7}},"22":{"start":{"line":73,"column":24},"end":{"line":76,"column":10}},"23":{"start":{"line":77,"column":8},"end":{"line":77,"column":32}},"24":{"start":{"line":81,"column":26},"end":{"line":81,"column":80}},"25":{"start":{"line":81,"column":57},"end":{"line":81,"column":76}},"26":{"start":{"line":83,"column":20},"end":{"line":89,"column":8}},"27":{"start":{"line":91,"column":34},"end":{"line":91,"column":36}},"28":{"start":{"line":92,"column":6},"end":{"line":98,"column":7}},"29":{"start":{"line":93,"column":19},"end":{"line":96,"column":10}},"30":{"start":{"line":97,"column":8},"end":{"line":97,"column":36}},"31":{"start":{"line":100,"column":6},"end":{"line":103,"column":8}},"32":{"start":{"line":105,"column":6},"end":{"line":105,"column":46}},"33":{"start":{"line":110,"column":4},"end":{"line":121,"column":5}},"34":{"start":{"line":111,"column":39},"end":{"line":111,"column":47}},"35":{"start":{"line":112,"column":20},"end":{"line":117,"column":7}},"36":{"start":{"line":118,"column":6},"end":{"line":118,"column":68}},"37":{"start":{"line":118,"column":17},"end":{"line":118,"column":68}},"38":{"start":{"line":120,"column":6},"end":{"line":120,"column":46}},"39":{"start":{"line":125,"column":4},"end":{"line":142,"column":5}},"40":{"start":{"line":126,"column":24},"end":{"line":128,"column":9}},"41":{"start":{"line":130,"column":6},"end":{"line":130,"column":77}},"42":{"start":{"line":130,"column":21},"end":{"line":130,"column":77}},"43":{"start":{"line":132,"column":6},"end":{"line":134,"column":8}},"44":{"start":{"line":136,"column":6},"end":{"line":138,"column":8}},"45":{"start":{"line":139,"column":6},"end":{"line":139,"column":53}},"46":{"start":{"line":141,"column":6},"end":{"line":141,"column":46}},"47":{"start":{"line":146,"column":0},"end":{"line":146,"column":32}}},"fnMap":{"0":{"name":"(anonymous_0)","decl":{"start":{"line":5,"column":15},"end":{"line":5,"column":16}},"loc":{"start":{"line":5,"column":35},"end":{"line":13,"column":3}},"line":5},"1":{"name":"(anonymous_1)","decl":{"start":{"line":14,"column":20},"end":{"line":14,"column":21}},"loc":{"start":{"line":14,"column":40},"end":{"line":39,"column":3}},"line":14},"2":{"name":"(anonymous_2)","decl":{"start":{"line":40,"column":21},"end":{"line":40,"column":22}},"loc":{"start":{"line":40,"column":41},"end":{"line":60,"column":3}},"line":40},"3":{"name":"(anonymous_3)","decl":{"start":{"line":62,"column":13},"end":{"line":62,"column":14}},"loc":{"start":{"line":62,"column":33},"end":{"line":107,"column":3}},"line":62},"4":{"name":"(anonymous_4)","decl":{"start":{"line":81,"column":47},"end":{"line":81,"column":48}},"loc":{"start":{"line":81,"column":57},"end":{"line":81,"column":76}},"line":81},"5":{"name":"(anonymous_5)","decl":{"start":{"line":109,"column":15},"end":{"line":109,"column":16}},"loc":{"start":{"line":109,"column":35},"end":{"line":122,"column":3}},"line":109},"6":{"name":"(anonymous_6)","decl":{"start":{"line":124,"column":15},"end":{"line":124,"column":16}},"loc":{"start":{"line":124,"column":35},"end":{"line":143,"column":3}},"line":124}},"branchMap":{"0":{"loc":{"start":{"line":66,"column":6},"end":{"line":68,"column":7}},"type":"if","locations":[{"start":{"line":66,"column":6},"end":{"line":68,"column":7}},{"start":{},"end":{}}],"line":66},"1":{"loc":{"start":{"line":118,"column":6},"end":{"line":118,"column":68}},"type":"if","locations":[{"start":{"line":118,"column":6},"end":{"line":118,"column":68}},{"start":{},"end":{}}],"line":118},"2":{"loc":{"start":{"line":130,"column":6},"end":{"line":130,"column":77}},"type":"if","locations":[{"start":{"line":130,"column":6},"end":{"line":130,"column":77}},{"start":{},"end":{}}],"line":130}},"s":{"0":6,"1":6,"2":6,"3":1,"4":1,"5":1,"6":0,"7":1,"8":1,"9":1,"10":1,"11":0,"12":1,"13":1,"14":1,"15":0,"16":1,"17":1,"18":1,"19":0,"20":1,"21":1,"22":2,"23":2,"24":1,"25":2,"26":1,"27":1,"28":1,"29":2,"30":2,"31":1,"32":0,"33":1,"34":1,"35":1,"36":1,"37":1,"38":0,"39":1,"40":1,"41":1,"42":1,"43":0,"44":0,"45":0,"46":0,"47":6},"f":{"0":1,"1":1,"2":1,"3":1,"4":2,"5":1,"6":1},"b":{"0":[0,1],"1":[1,0],"2":[1,0]},"_coverageSchema":"1a1c01bbd47fc00a2c39e90264f33305004495a9","hash":"6d644bdc9123c9ce02879b2cebf3035a50394897"}
,"E:\\VMO_JS\\SequelizeSQL\\src\\modules\\order\\order.model.js": {"path":"E:\\VMO_JS\\SequelizeSQL\\src\\modules\\order\\order.model.js","statementMap":{"0":{"start":{"line":1,"column":22},"end":{"line":1,"column":42}},"1":{"start":{"line":2,"column":29},"end":{"line":2,"column":58}},"2":{"start":{"line":4,"column":19},"end":{"line":34,"column":1}},"3":{"start":{"line":36,"column":0},"end":{"line":36,"column":31}}},"fnMap":{},"branchMap":{},"s":{"0":6,"1":6,"2":6,"3":6},"f":{},"b":{},"_coverageSchema":"1a1c01bbd47fc00a2c39e90264f33305004495a9","hash":"b1996dae66c6cd17c5f0f8c586121da5069a54e4"}
,"E:\\VMO_JS\\SequelizeSQL\\src\\modules\\order_details\\order_details.controller.js": {"path":"E:\\VMO_JS\\SequelizeSQL\\src\\modules\\order_details\\order_details.controller.js","statementMap":{"0":{"start":{"line":1,"column":43},"end":{"line":1,"column":62}},"1":{"start":{"line":3,"column":31},"end":{"line":103,"column":1}},"2":{"start":{"line":5,"column":4},"end":{"line":10,"column":5}},"3":{"start":{"line":6,"column":28},"end":{"line":6,"column":62}},"4":{"start":{"line":7,"column":6},"end":{"line":7,"column":29}},"5":{"start":{"line":9,"column":6},"end":{"line":9,"column":46}},"6":{"start":{"line":14,"column":4},"end":{"line":22,"column":5}},"7":{"start":{"line":15,"column":27},"end":{"line":17,"column":8}},"8":{"start":{"line":19,"column":6},"end":{"line":19,"column":28}},"9":{"start":{"line":21,"column":6},"end":{"line":21,"column":46}},"10":{"start":{"line":26,"column":4},"end":{"line":60,"column":5}},"11":{"start":{"line":27,"column":22},"end":{"line":27,"column":30}},"12":{"start":{"line":29,"column":20},"end":{"line":34,"column":7}},"13":{"start":{"line":36,"column":27},"end":{"line":39,"column":8}},"14":{"start":{"line":42,"column":24},"end":{"line":45,"column":8}},"15":{"start":{"line":47,"column":26},"end":{"line":47,"column":76}},"16":{"start":{"line":47,"column":53},"end":{"line":47,"column":72}},"17":{"start":{"line":49,"column":6},"end":{"line":55,"column":7}},"18":{"start":{"line":57,"column":6},"end":{"line":57,"column":72}},"19":{"start":{"line":57,"column":17},"end":{"line":57,"column":72}},"20":{"start":{"line":59,"column":6},"end":{"line":59,"column":46}},"21":{"start":{"line":64,"column":4},"end":{"line":101,"column":5}},"22":{"start":{"line":65,"column":27},"end":{"line":68,"column":8}},"23":{"start":{"line":70,"column":23},"end":{"line":70,"column":44}},"24":{"start":{"line":72,"column":6},"end":{"line":74,"column":8}},"25":{"start":{"line":76,"column":24},"end":{"line":79,"column":8}},"26":{"start":{"line":81,"column":6},"end":{"line":86,"column":7}},"27":{"start":{"line":82,"column":8},"end":{"line":84,"column":10}},"28":{"start":{"line":85,"column":8},"end":{"line":85,"column":75}},"29":{"start":{"line":88,"column":26},"end":{"line":88,"column":76}},"30":{"start":{"line":88,"column":53},"end":{"line":88,"column":72}},"31":{"start":{"line":90,"column":6},"end":{"line":96,"column":7}},"32":{"start":{"line":98,"column":6},"end":{"line":98,"column":53}},"33":{"start":{"line":100,"column":6},"end":{"line":100,"column":46}},"34":{"start":{"line":105,"column":0},"end":{"line":105,"column":39}}},"fnMap":{"0":{"name":"(anonymous_0)","decl":{"start":{"line":4,"column":19},"end":{"line":4,"column":20}},"loc":{"start":{"line":4,"column":39},"end":{"line":11,"column":3}},"line":4},"1":{"name":"(anonymous_1)","decl":{"start":{"line":13,"column":23},"end":{"line":13,"column":24}},"loc":{"start":{"line":13,"column":43},"end":{"line":23,"column":3}},"line":13},"2":{"name":"(anonymous_2)","decl":{"start":{"line":25,"column":22},"end":{"line":25,"column":23}},"loc":{"start":{"line":25,"column":42},"end":{"line":61,"column":3}},"line":25},"3":{"name":"(anonymous_3)","decl":{"start":{"line":47,"column":43},"end":{"line":47,"column":44}},"loc":{"start":{"line":47,"column":53},"end":{"line":47,"column":72}},"line":47},"4":{"name":"(anonymous_4)","decl":{"start":{"line":63,"column":22},"end":{"line":63,"column":23}},"loc":{"start":{"line":63,"column":42},"end":{"line":102,"column":3}},"line":63},"5":{"name":"(anonymous_5)","decl":{"start":{"line":88,"column":43},"end":{"line":88,"column":44}},"loc":{"start":{"line":88,"column":53},"end":{"line":88,"column":72}},"line":88}},"branchMap":{"0":{"loc":{"start":{"line":57,"column":6},"end":{"line":57,"column":72}},"type":"if","locations":[{"start":{"line":57,"column":6},"end":{"line":57,"column":72}},{"start":{},"end":{}}],"line":57},"1":{"loc":{"start":{"line":81,"column":6},"end":{"line":86,"column":7}},"type":"if","locations":[{"start":{"line":81,"column":6},"end":{"line":86,"column":7}},{"start":{},"end":{}}],"line":81}},"s":{"0":6,"1":6,"2":1,"3":1,"4":1,"5":0,"6":1,"7":1,"8":1,"9":0,"10":1,"11":1,"12":1,"13":1,"14":1,"15":1,"16":2,"17":1,"18":1,"19":1,"20":0,"21":1,"22":1,"23":1,"24":0,"25":0,"26":0,"27":0,"28":0,"29":0,"30":0,"31":0,"32":0,"33":1,"34":6},"f":{"0":1,"1":1,"2":1,"3":2,"4":1,"5":0},"b":{"0":[1,0],"1":[0,0]},"_coverageSchema":"1a1c01bbd47fc00a2c39e90264f33305004495a9","hash":"b0130321cbaf55a3c5550e0980a92921212fa66f"}
,"E:\\VMO_JS\\SequelizeSQL\\src\\modules\\order_details\\order_details.model.js": {"path":"E:\\VMO_JS\\SequelizeSQL\\src\\modules\\order_details\\order_details.model.js","statementMap":{"0":{"start":{"line":1,"column":22},"end":{"line":1,"column":42}},"1":{"start":{"line":2,"column":29},"end":{"line":2,"column":58}},"2":{"start":{"line":4,"column":27},"end":{"line":31,"column":1}},"3":{"start":{"line":33,"column":0},"end":{"line":35,"column":1}}},"fnMap":{},"branchMap":{},"s":{"0":6,"1":6,"2":6,"3":6},"f":{},"b":{},"_coverageSchema":"1a1c01bbd47fc00a2c39e90264f33305004495a9","hash":"92bdb6127750cdd59bc92d96e142beff3a83fd8b"}
,"E:\\VMO_JS\\SequelizeSQL\\src\\modules\\product\\product.controller.js": {"path":"E:\\VMO_JS\\SequelizeSQL\\src\\modules\\product\\product.controller.js","statementMap":{"0":{"start":{"line":1,"column":25},"end":{"line":1,"column":44}},"1":{"start":{"line":2,"column":31},"end":{"line":2,"column":50}},"2":{"start":{"line":4,"column":26},"end":{"line":74,"column":1}},"3":{"start":{"line":6,"column":4},"end":{"line":11,"column":5}},"4":{"start":{"line":7,"column":22},"end":{"line":7,"column":50}},"5":{"start":{"line":8,"column":6},"end":{"line":8,"column":23}},"6":{"start":{"line":10,"column":6},"end":{"line":10,"column":46}},"7":{"start":{"line":15,"column":4},"end":{"line":20,"column":5}},"8":{"start":{"line":16,"column":22},"end":{"line":16,"column":76}},"9":{"start":{"line":17,"column":6},"end":{"line":17,"column":23}},"10":{"start":{"line":19,"column":6},"end":{"line":19,"column":46}},"11":{"start":{"line":24,"column":4},"end":{"line":37,"column":5}},"12":{"start":{"line":25,"column":30},"end":{"line":25,"column":38}},"13":{"start":{"line":27,"column":25},"end":{"line":27,"column":72}},"14":{"start":{"line":29,"column":6},"end":{"line":30,"column":75}},"15":{"start":{"line":30,"column":8},"end":{"line":30,"column":75}},"16":{"start":{"line":32,"column":22},"end":{"line":32,"column":64}},"17":{"start":{"line":34,"column":6},"end":{"line":34,"column":71}},"18":{"start":{"line":36,"column":6},"end":{"line":36,"column":46}},"19":{"start":{"line":41,"column":4},"end":{"line":48,"column":5}},"20":{"start":{"line":42,"column":22},"end":{"line":44,"column":8}},"21":{"start":{"line":45,"column":6},"end":{"line":45,"column":86}},"22":{"start":{"line":45,"column":19},"end":{"line":45,"column":86}},"23":{"start":{"line":47,"column":6},"end":{"line":47,"column":46}},"24":{"start":{"line":52,"column":4},"end":{"line":72,"column":5}},"25":{"start":{"line":53,"column":23},"end":{"line":58,"column":7}},"26":{"start":{"line":60,"column":6},"end":{"line":64,"column":7}},"27":{"start":{"line":61,"column":8},"end":{"line":63,"column":10}},"28":{"start":{"line":66,"column":6},"end":{"line":68,"column":8}},"29":{"start":{"line":69,"column":6},"end":{"line":69,"column":53}},"30":{"start":{"line":71,"column":6},"end":{"line":71,"column":46}},"31":{"start":{"line":76,"column":0},"end":{"line":76,"column":34}}},"fnMap":{"0":{"name":"(anonymous_0)","decl":{"start":{"line":5,"column":14},"end":{"line":5,"column":15}},"loc":{"start":{"line":5,"column":34},"end":{"line":12,"column":3}},"line":5},"1":{"name":"(anonymous_1)","decl":{"start":{"line":14,"column":18},"end":{"line":14,"column":19}},"loc":{"start":{"line":14,"column":38},"end":{"line":21,"column":3}},"line":14},"2":{"name":"(anonymous_2)","decl":{"start":{"line":23,"column":15},"end":{"line":23,"column":16}},"loc":{"start":{"line":23,"column":35},"end":{"line":38,"column":3}},"line":23},"3":{"name":"(anonymous_3)","decl":{"start":{"line":40,"column":17},"end":{"line":40,"column":18}},"loc":{"start":{"line":40,"column":37},"end":{"line":49,"column":3}},"line":40},"4":{"name":"(anonymous_4)","decl":{"start":{"line":51,"column":17},"end":{"line":51,"column":18}},"loc":{"start":{"line":51,"column":37},"end":{"line":73,"column":3}},"line":51}},"branchMap":{"0":{"loc":{"start":{"line":29,"column":6},"end":{"line":30,"column":75}},"type":"if","locations":[{"start":{"line":29,"column":6},"end":{"line":30,"column":75}},{"start":{},"end":{}}],"line":29},"1":{"loc":{"start":{"line":45,"column":6},"end":{"line":45,"column":86}},"type":"if","locations":[{"start":{"line":45,"column":6},"end":{"line":45,"column":86}},{"start":{},"end":{}}],"line":45},"2":{"loc":{"start":{"line":60,"column":6},"end":{"line":64,"column":7}},"type":"if","locations":[{"start":{"line":60,"column":6},"end":{"line":64,"column":7}},{"start":{},"end":{}}],"line":60}},"s":{"0":6,"1":6,"2":6,"3":1,"4":1,"5":1,"6":0,"7":1,"8":1,"9":1,"10":0,"11":1,"12":1,"13":1,"14":1,"15":1,"16":0,"17":0,"18":0,"19":1,"20":1,"21":1,"22":1,"23":0,"24":1,"25":1,"26":1,"27":1,"28":1,"29":1,"30":1,"31":6},"f":{"0":1,"1":1,"2":1,"3":1,"4":1},"b":{"0":[1,0],"1":[1,0],"2":[1,0]},"_coverageSchema":"1a1c01bbd47fc00a2c39e90264f33305004495a9","hash":"cecc2398fa27664f9595358ef23d7cf7897769d2"}
,"E:\\VMO_JS\\SequelizeSQL\\src\\modules\\product\\product.model.js": {"path":"E:\\VMO_JS\\SequelizeSQL\\src\\modules\\product\\product.model.js","statementMap":{"0":{"start":{"line":1,"column":22},"end":{"line":1,"column":42}},"1":{"start":{"line":2,"column":29},"end":{"line":2,"column":58}},"2":{"start":{"line":4,"column":21},"end":{"line":25,"column":1}},"3":{"start":{"line":27,"column":0},"end":{"line":29,"column":1}}},"fnMap":{},"branchMap":{},"s":{"0":6,"1":6,"2":6,"3":6},"f":{},"b":{},"_coverageSchema":"1a1c01bbd47fc00a2c39e90264f33305004495a9","hash":"43dccc676ba0ee5c0bee49335597076d094dc911"}
,"E:\\VMO_JS\\SequelizeSQL\\src\\modules\\user\\auth.controller.js": {"path":"E:\\VMO_JS\\SequelizeSQL\\src\\modules\\user\\auth.controller.js","statementMap":{"0":{"start":{"line":1,"column":22},"end":{"line":1,"column":41}},"1":{"start":{"line":2,"column":15},"end":{"line":2,"column":32}},"2":{"start":{"line":3,"column":12},"end":{"line":3,"column":35}},"3":{"start":{"line":4,"column":21},"end":{"line":4,"column":57}},"4":{"start":{"line":6,"column":23},"end":{"line":165,"column":1}},"5":{"start":{"line":8,"column":4},"end":{"line":29,"column":5}},"6":{"start":{"line":9,"column":34},"end":{"line":9,"column":42}},"7":{"start":{"line":11,"column":25},"end":{"line":11,"column":70}},"8":{"start":{"line":13,"column":6},"end":{"line":14,"column":68}},"9":{"start":{"line":14,"column":8},"end":{"line":14,"column":68}},"10":{"start":{"line":16,"column":27},"end":{"line":16,"column":58}},"11":{"start":{"line":17,"column":22},"end":{"line":20,"column":7}},"12":{"start":{"line":22,"column":6},"end":{"line":22,"column":37}},"13":{"start":{"line":24,"column":6},"end":{"line":26,"column":8}},"14":{"start":{"line":28,"column":6},"end":{"line":28,"column":55}},"15":{"start":{"line":33,"column":4},"end":{"line":64,"column":5}},"16":{"start":{"line":34,"column":34},"end":{"line":34,"column":42}},"17":{"start":{"line":36,"column":19},"end":{"line":36,"column":75}},"18":{"start":{"line":38,"column":6},"end":{"line":39,"column":72}},"19":{"start":{"line":39,"column":8},"end":{"line":39,"column":72}},"20":{"start":{"line":41,"column":22},"end":{"line":41,"column":67}},"21":{"start":{"line":42,"column":6},"end":{"line":42,"column":73}},"22":{"start":{"line":42,"column":20},"end":{"line":42,"column":73}},"23":{"start":{"line":44,"column":27},"end":{"line":44,"column":61}},"24":{"start":{"line":49,"column":28},"end":{"line":49,"column":63}},"25":{"start":{"line":57,"column":6},"end":{"line":61,"column":8}},"26":{"start":{"line":63,"column":6},"end":{"line":63,"column":55}},"27":{"start":{"line":68,"column":4},"end":{"line":87,"column":5}},"28":{"start":{"line":69,"column":46},"end":{"line":69,"column":54}},"29":{"start":{"line":71,"column":22},"end":{"line":71,"column":75}},"30":{"start":{"line":73,"column":6},"end":{"line":73,"column":73}},"31":{"start":{"line":73,"column":20},"end":{"line":73,"column":73}},"32":{"start":{"line":75,"column":27},"end":{"line":75,"column":65}},"33":{"start":{"line":77,"column":6},"end":{"line":82,"column":7}},"34":{"start":{"line":84,"column":6},"end":{"line":84,"column":50}},"35":{"start":{"line":86,"column":6},"end":{"line":86,"column":55}},"36":{"start":{"line":91,"column":4},"end":{"line":112,"column":5}},"37":{"start":{"line":92,"column":24},"end":{"line":92,"column":32}},"38":{"start":{"line":94,"column":21},"end":{"line":94,"column":77}},"39":{"start":{"line":95,"column":6},"end":{"line":96,"column":71}},"40":{"start":{"line":96,"column":8},"end":{"line":96,"column":71}},"41":{"start":{"line":98,"column":26},"end":{"line":98,"column":40}},"42":{"start":{"line":99,"column":27},"end":{"line":99,"column":61}},"43":{"start":{"line":101,"column":6},"end":{"line":104,"column":7}},"44":{"start":{"line":106,"column":6},"end":{"line":109,"column":8}},"45":{"start":{"line":111,"column":6},"end":{"line":111,"column":55}},"46":{"start":{"line":116,"column":4},"end":{"line":136,"column":5}},"47":{"start":{"line":117,"column":30},"end":{"line":117,"column":38}},"48":{"start":{"line":119,"column":25},"end":{"line":122,"column":8}},"49":{"start":{"line":124,"column":6},"end":{"line":125,"column":67}},"50":{"start":{"line":125,"column":8},"end":{"line":125,"column":67}},"51":{"start":{"line":128,"column":23},"end":{"line":131,"column":7}},"52":{"start":{"line":133,"column":6},"end":{"line":133,"column":60}},"53":{"start":{"line":133,"column":20},"end":{"line":133,"column":60}},"54":{"start":{"line":135,"column":6},"end":{"line":135,"column":57}},"55":{"start":{"line":140,"column":4},"end":{"line":163,"column":5}},"56":{"start":{"line":143,"column":27},"end":{"line":143,"column":35}},"57":{"start":{"line":144,"column":6},"end":{"line":160,"column":7}},"58":{"start":{"line":148,"column":10},"end":{"line":148,"column":76}},"59":{"start":{"line":148,"column":19},"end":{"line":148,"column":76}},"60":{"start":{"line":150,"column":23},"end":{"line":150,"column":76}},"61":{"start":{"line":151,"column":10},"end":{"line":152,"column":72}},"62":{"start":{"line":152,"column":12},"end":{"line":152,"column":72}},"63":{"start":{"line":154,"column":31},"end":{"line":154,"column":67}},"64":{"start":{"line":156,"column":10},"end":{"line":158,"column":12}},"65":{"start":{"line":162,"column":6},"end":{"line":162,"column":55}},"66":{"start":{"line":167,"column":26},"end":{"line":169,"column":1}},"67":{"start":{"line":168,"column":2},"end":{"line":168,"column":80}},"68":{"start":{"line":171,"column":27},"end":{"line":175,"column":1}},"69":{"start":{"line":172,"column":2},"end":{"line":174,"column":4}},"70":{"start":{"line":177,"column":0},"end":{"line":177,"column":31}}},"fnMap":{"0":{"name":"(anonymous_0)","decl":{"start":{"line":7,"column":12},"end":{"line":7,"column":13}},"loc":{"start":{"line":7,"column":32},"end":{"line":30,"column":3}},"line":7},"1":{"name":"(anonymous_1)","decl":{"start":{"line":32,"column":9},"end":{"line":32,"column":10}},"loc":{"start":{"line":32,"column":29},"end":{"line":65,"column":3}},"line":32},"2":{"name":"(anonymous_2)","decl":{"start":{"line":67,"column":18},"end":{"line":67,"column":19}},"loc":{"start":{"line":67,"column":38},"end":{"line":88,"column":3}},"line":67},"3":{"name":"(anonymous_3)","decl":{"start":{"line":90,"column":17},"end":{"line":90,"column":18}},"loc":{"start":{"line":90,"column":37},"end":{"line":113,"column":3}},"line":90},"4":{"name":"(anonymous_4)","decl":{"start":{"line":115,"column":15},"end":{"line":115,"column":16}},"loc":{"start":{"line":115,"column":35},"end":{"line":137,"column":3}},"line":115},"5":{"name":"(anonymous_5)","decl":{"start":{"line":139,"column":23},"end":{"line":139,"column":24}},"loc":{"start":{"line":139,"column":43},"end":{"line":164,"column":3}},"line":139},"6":{"name":"(anonymous_6)","decl":{"start":{"line":147,"column":8},"end":{"line":147,"column":9}},"loc":{"start":{"line":147,"column":31},"end":{"line":159,"column":9}},"line":147},"7":{"name":"(anonymous_7)","decl":{"start":{"line":167,"column":26},"end":{"line":167,"column":27}},"loc":{"start":{"line":167,"column":39},"end":{"line":169,"column":1}},"line":167},"8":{"name":"(anonymous_8)","decl":{"start":{"line":171,"column":27},"end":{"line":171,"column":28}},"loc":{"start":{"line":171,"column":40},"end":{"line":175,"column":1}},"line":171}},"branchMap":{"0":{"loc":{"start":{"line":13,"column":6},"end":{"line":14,"column":68}},"type":"if","locations":[{"start":{"line":13,"column":6},"end":{"line":14,"column":68}},{"start":{},"end":{}}],"line":13},"1":{"loc":{"start":{"line":38,"column":6},"end":{"line":39,"column":72}},"type":"if","locations":[{"start":{"line":38,"column":6},"end":{"line":39,"column":72}},{"start":{},"end":{}}],"line":38},"2":{"loc":{"start":{"line":42,"column":6},"end":{"line":42,"column":73}},"type":"if","locations":[{"start":{"line":42,"column":6},"end":{"line":42,"column":73}},{"start":{},"end":{}}],"line":42},"3":{"loc":{"start":{"line":73,"column":6},"end":{"line":73,"column":73}},"type":"if","locations":[{"start":{"line":73,"column":6},"end":{"line":73,"column":73}},{"start":{},"end":{}}],"line":73},"4":{"loc":{"start":{"line":95,"column":6},"end":{"line":96,"column":71}},"type":"if","locations":[{"start":{"line":95,"column":6},"end":{"line":96,"column":71}},{"start":{},"end":{}}],"line":95},"5":{"loc":{"start":{"line":124,"column":6},"end":{"line":125,"column":67}},"type":"if","locations":[{"start":{"line":124,"column":6},"end":{"line":125,"column":67}},{"start":{},"end":{}}],"line":124},"6":{"loc":{"start":{"line":133,"column":6},"end":{"line":133,"column":60}},"type":"if","locations":[{"start":{"line":133,"column":6},"end":{"line":133,"column":60}},{"start":{},"end":{}}],"line":133},"7":{"loc":{"start":{"line":148,"column":10},"end":{"line":148,"column":76}},"type":"if","locations":[{"start":{"line":148,"column":10},"end":{"line":148,"column":76}},{"start":{},"end":{}}],"line":148},"8":{"loc":{"start":{"line":151,"column":10},"end":{"line":152,"column":72}},"type":"if","locations":[{"start":{"line":151,"column":10},"end":{"line":152,"column":72}},{"start":{},"end":{}}],"line":151}},"s":{"0":6,"1":6,"2":6,"3":6,"4":6,"5":1,"6":1,"7":1,"8":1,"9":0,"10":1,"11":1,"12":1,"13":1,"14":0,"15":7,"16":7,"17":7,"18":7,"19":0,"20":7,"21":7,"22":0,"23":7,"24":7,"25":7,"26":0,"27":1,"28":1,"29":1,"30":1,"31":0,"32":1,"33":1,"34":1,"35":0,"36":1,"37":1,"38":1,"39":1,"40":0,"41":1,"42":1,"43":1,"44":1,"45":0,"46":1,"47":1,"48":1,"49":1,"50":0,"51":1,"52":1,"53":1,"54":0,"55":1,"56":1,"57":1,"58":1,"59":0,"60":1,"61":1,"62":0,"63":1,"64":1,"65":0,"66":6,"67":8,"68":6,"69":7,"70":6},"f":{"0":1,"1":7,"2":1,"3":1,"4":1,"5":1,"6":1,"7":8,"8":7},"b":{"0":[0,1],"1":[0,7],"2":[0,7],"3":[0,1],"4":[0,1],"5":[0,1],"6":[1,0],"7":[0,1],"8":[0,1]},"_coverageSchema":"1a1c01bbd47fc00a2c39e90264f33305004495a9","hash":"ea619b3dfee646e54473c3ea97c650fb0bd76a7c"}
,"E:\\VMO_JS\\SequelizeSQL\\src\\modules\\user\\user.controller.js": {"path":"E:\\VMO_JS\\SequelizeSQL\\src\\modules\\user\\user.controller.js","statementMap":{"0":{"start":{"line":1,"column":54},"end":{"line":1,"column":73}},"1":{"start":{"line":2,"column":15},"end":{"line":2,"column":32}},"2":{"start":{"line":4,"column":23},"end":{"line":103,"column":1}},"3":{"start":{"line":6,"column":4},"end":{"line":11,"column":5}},"4":{"start":{"line":7,"column":19},"end":{"line":7,"column":57}},"5":{"start":{"line":8,"column":6},"end":{"line":8,"column":20}},"6":{"start":{"line":10,"column":6},"end":{"line":10,"column":46}},"7":{"start":{"line":15,"column":4},"end":{"line":20,"column":5}},"8":{"start":{"line":16,"column":19},"end":{"line":16,"column":76}},"9":{"start":{"line":17,"column":6},"end":{"line":17,"column":20}},"10":{"start":{"line":19,"column":6},"end":{"line":19,"column":46}},"11":{"start":{"line":24,"column":4},"end":{"line":44,"column":5}},"12":{"start":{"line":25,"column":50},"end":{"line":25,"column":58}},"13":{"start":{"line":27,"column":25},"end":{"line":27,"column":70}},"14":{"start":{"line":29,"column":6},"end":{"line":30,"column":68}},"15":{"start":{"line":30,"column":8},"end":{"line":30,"column":68}},"16":{"start":{"line":32,"column":27},"end":{"line":32,"column":58}},"17":{"start":{"line":33,"column":22},"end":{"line":37,"column":7}},"18":{"start":{"line":39,"column":6},"end":{"line":39,"column":37}},"19":{"start":{"line":41,"column":6},"end":{"line":41,"column":34}},"20":{"start":{"line":43,"column":6},"end":{"line":43,"column":52}},"21":{"start":{"line":48,"column":4},"end":{"line":64,"column":5}},"22":{"start":{"line":49,"column":22},"end":{"line":49,"column":79}},"23":{"start":{"line":50,"column":6},"end":{"line":50,"column":76}},"24":{"start":{"line":50,"column":20},"end":{"line":50,"column":76}},"25":{"start":{"line":52,"column":27},"end":{"line":52,"column":35}},"26":{"start":{"line":54,"column":19},"end":{"line":59,"column":7}},"27":{"start":{"line":61,"column":6},"end":{"line":61,"column":71}},"28":{"start":{"line":61,"column":16},"end":{"line":61,"column":71}},"29":{"start":{"line":63,"column":6},"end":{"line":63,"column":46}},"30":{"start":{"line":68,"column":4},"end":{"line":101,"column":5}},"31":{"start":{"line":69,"column":22},"end":{"line":69,"column":79}},"32":{"start":{"line":70,"column":6},"end":{"line":70,"column":76}},"33":{"start":{"line":70,"column":20},"end":{"line":70,"column":76}},"34":{"start":{"line":72,"column":20},"end":{"line":77,"column":8}},"35":{"start":{"line":79,"column":6},"end":{"line":84,"column":7}},"36":{"start":{"line":80,"column":8},"end":{"line":83,"column":10}},"37":{"start":{"line":86,"column":6},"end":{"line":90,"column":8}},"38":{"start":{"line":92,"column":6},"end":{"line":96,"column":8}},"39":{"start":{"line":98,"column":6},"end":{"line":98,"column":40}},"40":{"start":{"line":100,"column":6},"end":{"line":100,"column":46}},"41":{"start":{"line":105,"column":0},"end":{"line":105,"column":31}}},"fnMap":{"0":{"name":"(anonymous_0)","decl":{"start":{"line":5,"column":11},"end":{"line":5,"column":12}},"loc":{"start":{"line":5,"column":31},"end":{"line":12,"column":3}},"line":5},"1":{"name":"(anonymous_1)","decl":{"start":{"line":14,"column":15},"end":{"line":14,"column":16}},"loc":{"start":{"line":14,"column":35},"end":{"line":21,"column":3}},"line":14},"2":{"name":"(anonymous_2)","decl":{"start":{"line":23,"column":12},"end":{"line":23,"column":13}},"loc":{"start":{"line":23,"column":32},"end":{"line":45,"column":3}},"line":23},"3":{"name":"(anonymous_3)","decl":{"start":{"line":47,"column":14},"end":{"line":47,"column":15}},"loc":{"start":{"line":47,"column":34},"end":{"line":65,"column":3}},"line":47},"4":{"name":"(anonymous_4)","decl":{"start":{"line":67,"column":14},"end":{"line":67,"column":15}},"loc":{"start":{"line":67,"column":34},"end":{"line":102,"column":3}},"line":67}},"branchMap":{"0":{"loc":{"start":{"line":29,"column":6},"end":{"line":30,"column":68}},"type":"if","locations":[{"start":{"line":29,"column":6},"end":{"line":30,"column":68}},{"start":{},"end":{}}],"line":29},"1":{"loc":{"start":{"line":50,"column":6},"end":{"line":50,"column":76}},"type":"if","locations":[{"start":{"line":50,"column":6},"end":{"line":50,"column":76}},{"start":{},"end":{}}],"line":50},"2":{"loc":{"start":{"line":61,"column":6},"end":{"line":61,"column":71}},"type":"if","locations":[{"start":{"line":61,"column":6},"end":{"line":61,"column":71}},{"start":{},"end":{}}],"line":61},"3":{"loc":{"start":{"line":70,"column":6},"end":{"line":70,"column":76}},"type":"if","locations":[{"start":{"line":70,"column":6},"end":{"line":70,"column":76}},{"start":{},"end":{}}],"line":70}},"s":{"0":6,"1":6,"2":6,"3":1,"4":1,"5":1,"6":0,"7":1,"8":1,"9":1,"10":0,"11":1,"12":1,"13":1,"14":1,"15":1,"16":0,"17":0,"18":0,"19":0,"20":0,"21":1,"22":1,"23":1,"24":0,"25":1,"26":1,"27":1,"28":1,"29":0,"30":1,"31":1,"32":1,"33":1,"34":0,"35":0,"36":0,"37":0,"38":0,"39":0,"40":0,"41":6},"f":{"0":1,"1":1,"2":1,"3":1,"4":1},"b":{"0":[1,0],"1":[0,1],"2":[1,0],"3":[1,0]},"_coverageSchema":"1a1c01bbd47fc00a2c39e90264f33305004495a9","hash":"57e6c5b0ccccd403f81827566edab6a83052b314"}
,"E:\\VMO_JS\\SequelizeSQL\\src\\modules\\user\\user.model.js": {"path":"E:\\VMO_JS\\SequelizeSQL\\src\\modules\\user\\user.model.js","statementMap":{"0":{"start":{"line":1,"column":22},"end":{"line":1,"column":42}},"1":{"start":{"line":2,"column":29},"end":{"line":2,"column":58}},"2":{"start":{"line":4,"column":18},"end":{"line":35,"column":1}},"3":{"start":{"line":37,"column":0},"end":{"line":39,"column":1}}},"fnMap":{},"branchMap":{"0":{"loc":{"start":{"line":26,"column":13},"end":{"line":26,"column":30}},"type":"binary-expr","locations":[{"start":{"line":26,"column":13},"end":{"line":26,"column":19}},{"start":{"line":26,"column":23},"end":{"line":26,"column":30}}],"line":26}},"s":{"0":6,"1":6,"2":6,"3":6},"f":{},"b":{"0":[6,0]},"_coverageSchema":"1a1c01bbd47fc00a2c39e90264f33305004495a9","hash":"79be8a3e9d4da10228972563333175ec3ac5b1d5"}
,"E:\\VMO_JS\\SequelizeSQL\\src\\routes\\account.route.js": {"path":"E:\\VMO_JS\\SequelizeSQL\\src\\routes\\account.route.js","statementMap":{"0":{"start":{"line":1,"column":16},"end":{"line":1,"column":34}},"1":{"start":{"line":2,"column":16},"end":{"line":2,"column":32}},"2":{"start":{"line":3,"column":35},"end":{"line":3,"column":65}},"3":{"start":{"line":4,"column":23},"end":{"line":4,"column":65}},"4":{"start":{"line":5,"column":13},"end":{"line":5,"column":40}},"5":{"start":{"line":8,"column":0},"end":{"line":12,"column":1}},"6":{"start":{"line":14,"column":0},"end":{"line":14,"column":79}},"7":{"start":{"line":16,"column":0},"end":{"line":16,"column":71}},"8":{"start":{"line":18,"column":0},"end":{"line":18,"column":69}},"9":{"start":{"line":20,"column":0},"end":{"line":20,"column":61}},"10":{"start":{"line":22,"column":0},"end":{"line":28,"column":1}},"11":{"start":{"line":30,"column":0},"end":{"line":30,"column":24}}},"fnMap":{},"branchMap":{},"s":{"0":6,"1":6,"2":6,"3":6,"4":6,"5":6,"6":6,"7":6,"8":6,"9":6,"10":6,"11":6},"f":{},"b":{},"_coverageSchema":"1a1c01bbd47fc00a2c39e90264f33305004495a9","hash":"ed4b25638ac8b7756e99a1e2de5f2cb5797e2f5a"}
,"E:\\VMO_JS\\SequelizeSQL\\src\\routes\\index.js": {"path":"E:\\VMO_JS\\SequelizeSQL\\src\\routes\\index.js","statementMap":{"0":{"start":{"line":1,"column":15},"end":{"line":1,"column":42}},"1":{"start":{"line":2,"column":13},"end":{"line":2,"column":36}},"2":{"start":{"line":3,"column":16},"end":{"line":3,"column":42}},"3":{"start":{"line":4,"column":16},"end":{"line":4,"column":42}},"4":{"start":{"line":5,"column":14},"end":{"line":5,"column":38}},"5":{"start":{"line":6,"column":22},"end":{"line":6,"column":54}},"6":{"start":{"line":8,"column":0},"end":{"line":8,"column":70}},"7":{"start":{"line":8,"column":30},"end":{"line":8,"column":69}},"8":{"start":{"line":9,"column":0},"end":{"line":9,"column":26}},"9":{"start":{"line":10,"column":0},"end":{"line":10,"column":31}},"10":{"start":{"line":11,"column":0},"end":{"line":11,"column":32}},"11":{"start":{"line":12,"column":0},"end":{"line":12,"column":28}},"12":{"start":{"line":13,"column":0},"end":{"line":13,"column":43}},"13":{"start":{"line":15,"column":0},"end":{"line":15,"column":23}}},"fnMap":{"0":{"name":"(anonymous_0)","decl":{"start":{"line":8,"column":16},"end":{"line":8,"column":17}},"loc":{"start":{"line":8,"column":30},"end":{"line":8,"column":69}},"line":8}},"branchMap":{},"s":{"0":6,"1":6,"2":6,"3":6,"4":6,"5":6,"6":6,"7":0,"8":6,"9":6,"10":6,"11":6,"12":6,"13":6},"f":{"0":0},"b":{},"_coverageSchema":"1a1c01bbd47fc00a2c39e90264f33305004495a9","hash":"30ada3ad167b135d24e7df9c73c2477d21b9839a"}
,"E:\\VMO_JS\\SequelizeSQL\\src\\routes\\order.route.js": {"path":"E:\\VMO_JS\\SequelizeSQL\\src\\routes\\order.route.js","statementMap":{"0":{"start":{"line":1,"column":16},"end":{"line":1,"column":34}},"1":{"start":{"line":2,"column":14},"end":{"line":2,"column":30}},"2":{"start":{"line":3,"column":35},"end":{"line":3,"column":65}},"3":{"start":{"line":4,"column":24},"end":{"line":4,"column":68}},"4":{"start":{"line":5,"column":13},"end":{"line":5,"column":40}},"5":{"start":{"line":7,"column":0},"end":{"line":7,"column":76}},"6":{"start":{"line":9,"column":0},"end":{"line":9,"column":53}},"7":{"start":{"line":10,"column":0},"end":{"line":15,"column":1}},"8":{"start":{"line":17,"column":0},"end":{"line":26,"column":68}},"9":{"start":{"line":28,"column":0},"end":{"line":28,"column":22}}},"fnMap":{},"branchMap":{},"s":{"0":6,"1":6,"2":6,"3":6,"4":6,"5":6,"6":6,"7":6,"8":6,"9":6},"f":{},"b":{},"_coverageSchema":"1a1c01bbd47fc00a2c39e90264f33305004495a9","hash":"0cc0ddc0422300bb22004b8c52739585583c9174"}
,"E:\\VMO_JS\\SequelizeSQL\\src\\routes\\order_details.route.js": {"path":"E:\\VMO_JS\\SequelizeSQL\\src\\routes\\order_details.route.js","statementMap":{"0":{"start":{"line":1,"column":16},"end":{"line":1,"column":34}},"1":{"start":{"line":2,"column":22},"end":{"line":2,"column":38}},"2":{"start":{"line":3,"column":38},"end":{"line":3,"column":68}},"3":{"start":{"line":4,"column":13},"end":{"line":4,"column":40}},"4":{"start":{"line":5,"column":31},"end":{"line":5,"column":91}},"5":{"start":{"line":8,"column":0},"end":{"line":10,"column":75}},"6":{"start":{"line":13,"column":0},"end":{"line":26,"column":3}},"7":{"start":{"line":28,"column":2},"end":{"line":28,"column":32}}},"fnMap":{},"branchMap":{},"s":{"0":6,"1":6,"2":6,"3":6,"4":6,"5":6,"6":6,"7":6},"f":{},"b":{},"_coverageSchema":"1a1c01bbd47fc00a2c39e90264f33305004495a9","hash":"11fc94cfd7f2d1b2329a52534a00b07c4ac410c5"}
,"E:\\VMO_JS\\SequelizeSQL\\src\\routes\\product.route.js": {"path":"E:\\VMO_JS\\SequelizeSQL\\src\\routes\\product.route.js","statementMap":{"0":{"start":{"line":1,"column":16},"end":{"line":1,"column":34}},"1":{"start":{"line":2,"column":16},"end":{"line":2,"column":32}},"2":{"start":{"line":3,"column":26},"end":{"line":3,"column":74}},"3":{"start":{"line":4,"column":39},"end":{"line":4,"column":69}},"4":{"start":{"line":5,"column":13},"end":{"line":5,"column":40}},"5":{"start":{"line":7,"column":0},"end":{"line":15,"column":3}},"6":{"start":{"line":17,"column":0},"end":{"line":26,"column":72}},"7":{"start":{"line":28,"column":0},"end":{"line":28,"column":24}}},"fnMap":{},"branchMap":{},"s":{"0":6,"1":6,"2":6,"3":6,"4":6,"5":6,"6":6,"7":6},"f":{},"b":{},"_coverageSchema":"1a1c01bbd47fc00a2c39e90264f33305004495a9","hash":"f247a36baec06227625296383db61203792293f7"}
,"E:\\VMO_JS\\SequelizeSQL\\src\\routes\\user.route.js": {"path":"E:\\VMO_JS\\SequelizeSQL\\src\\routes\\user.route.js","statementMap":{"0":{"start":{"line":1,"column":16},"end":{"line":1,"column":34}},"1":{"start":{"line":2,"column":13},"end":{"line":2,"column":29}},"2":{"start":{"line":3,"column":23},"end":{"line":3,"column":65}},"3":{"start":{"line":4,"column":39},"end":{"line":4,"column":69}},"4":{"start":{"line":5,"column":13},"end":{"line":5,"column":40}},"5":{"start":{"line":7,"column":0},"end":{"line":15,"column":3}},"6":{"start":{"line":17,"column":0},"end":{"line":21,"column":66}},"7":{"start":{"line":23,"column":0},"end":{"line":23,"column":21}}},"fnMap":{},"branchMap":{},"s":{"0":6,"1":6,"2":6,"3":6,"4":6,"5":6,"6":6,"7":6},"f":{},"b":{},"_coverageSchema":"1a1c01bbd47fc00a2c39e90264f33305004495a9","hash":"f526d9108c175753cab66a3019b68b7dc4158518"}
,"E:\\VMO_JS\\SequelizeSQL\\src\\validation\\index.js": {"path":"E:\\VMO_JS\\SequelizeSQL\\src\\validation\\index.js","statementMap":{"0":{"start":{"line":6,"column":4},"end":{"line":6,"column":32}},"1":{"start":{"line":10,"column":4},"end":{"line":10,"column":35}},"2":{"start":{"line":11,"column":42},"end":{"line":11,"column":77}},"3":{"start":{"line":12,"column":35},"end":{"line":12,"column":64}},"4":{"start":{"line":14,"column":0},"end":{"line":23,"column":1}}},"fnMap":{},"branchMap":{},"s":{"0":6,"1":6,"2":6,"3":6,"4":6},"f":{},"b":{},"_coverageSchema":"1a1c01bbd47fc00a2c39e90264f33305004495a9","hash":"48c28614de01e9a0a08efb716e2e2fb6a2a07b14"}
,"E:\\VMO_JS\\SequelizeSQL\\src\\validation\\randPass.js": {"path":"E:\\VMO_JS\\SequelizeSQL\\src\\validation\\randPass.js","statementMap":{"0":{"start":{"line":3,"column":15},"end":{"line":3,"column":17}},"1":{"start":{"line":4,"column":16},"end":{"line":4,"column":70}},"2":{"start":{"line":5,"column":16},"end":{"line":5,"column":28}},"3":{"start":{"line":6,"column":2},"end":{"line":9,"column":3}},"4":{"start":{"line":7,"column":4},"end":{"line":7,"column":72}},"5":{"start":{"line":10,"column":2},"end":{"line":12,"column":3}},"6":{"start":{"line":11,"column":4},"end":{"line":11,"column":72}},"7":{"start":{"line":13,"column":2},"end":{"line":13,"column":27}},"8":{"start":{"line":14,"column":2},"end":{"line":19,"column":3}},"9":{"start":{"line":15,"column":4},"end":{"line":15,"column":43}},"10":{"start":{"line":16,"column":4},"end":{"line":16,"column":19}},"11":{"start":{"line":17,"column":4},"end":{"line":17,"column":25}},"12":{"start":{"line":18,"column":4},"end":{"line":18,"column":17}},"13":{"start":{"line":20,"column":2},"end":{"line":20,"column":26}},"14":{"start":{"line":21,"column":2},"end":{"line":21,"column":15}},"15":{"start":{"line":24,"column":0},"end":{"line":26,"column":1}}},"fnMap":{"0":{"name":"randPass","decl":{"start":{"line":1,"column":9},"end":{"line":1,"column":17}},"loc":{"start":{"line":1,"column":48},"end":{"line":22,"column":1}},"line":1}},"branchMap":{},"s":{"0":1,"1":1,"2":1,"3":1,"4":5,"5":1,"6":3,"7":1,"8":1,"9":7,"10":7,"11":7,"12":7,"13":1,"14":1,"15":6},"f":{"0":1},"b":{},"_coverageSchema":"1a1c01bbd47fc00a2c39e90264f33305004495a9","hash":"1728958dfb6cc87e608c85586884b67cdd1ccf72"}
,"E:\\VMO_JS\\SequelizeSQL\\src\\validation\\validation_order.js": {"path":"E:\\VMO_JS\\SequelizeSQL\\src\\validation\\validation_order.js","statementMap":{"0":{"start":{"line":1,"column":12},"end":{"line":1,"column":26}},"1":{"start":{"line":3,"column":31},"end":{"line":16,"column":2}},"2":{"start":{"line":18,"column":0},"end":{"line":18,"column":41}}},"fnMap":{},"branchMap":{},"s":{"0":6,"1":6,"2":6},"f":{},"b":{},"_coverageSchema":"1a1c01bbd47fc00a2c39e90264f33305004495a9","hash":"736a0be4190fbd6d20723a90873250f63b0a4a86"}
,"E:\\VMO_JS\\SequelizeSQL\\src\\validation\\validation_orderDetail.js": {"path":"E:\\VMO_JS\\SequelizeSQL\\src\\validation\\validation_orderDetail.js","statementMap":{"0":{"start":{"line":1,"column":12},"end":{"line":1,"column":26}},"1":{"start":{"line":3,"column":38},"end":{"line":5,"column":2}},"2":{"start":{"line":7,"column":0},"end":{"line":7,"column":50}}},"fnMap":{},"branchMap":{},"s":{"0":6,"1":6,"2":6},"f":{},"b":{},"_coverageSchema":"1a1c01bbd47fc00a2c39e90264f33305004495a9","hash":"bcf21d0ae1d39c48446c8ef1543b1bb0e71de7c7"}
,"E:\\VMO_JS\\SequelizeSQL\\src\\validation\\validation_product.js": {"path":"E:\\VMO_JS\\SequelizeSQL\\src\\validation\\validation_product.js","statementMap":{"0":{"start":{"line":1,"column":12},"end":{"line":1,"column":26}},"1":{"start":{"line":3,"column":33},"end":{"line":6,"column":2}},"2":{"start":{"line":8,"column":33},"end":{"line":11,"column":2}},"3":{"start":{"line":13,"column":0},"end":{"line":13,"column":71}}},"fnMap":{},"branchMap":{},"s":{"0":6,"1":6,"2":6,"3":6},"f":{},"b":{},"_coverageSchema":"1a1c01bbd47fc00a2c39e90264f33305004495a9","hash":"80bde2a485fa2f5c2019a10f7393dd1cf20158e8"}
,"E:\\VMO_JS\\SequelizeSQL\\src\\validation\\validation_user.js": {"path":"E:\\VMO_JS\\SequelizeSQL\\src\\validation\\validation_user.js","statementMap":{"0":{"start":{"line":1,"column":12},"end":{"line":1,"column":26}},"1":{"start":{"line":3,"column":28},"end":{"line":11,"column":2}},"2":{"start":{"line":13,"column":31},"end":{"line":21,"column":2}},"3":{"start":{"line":23,"column":30},"end":{"line":25,"column":2}},"4":{"start":{"line":27,"column":30},"end":{"line":37,"column":2}},"5":{"start":{"line":39,"column":0},"end":{"line":44,"column":1}}},"fnMap":{},"branchMap":{},"s":{"0":6,"1":6,"2":6,"3":6,"4":6,"5":6},"f":{},"b":{},"_coverageSchema":"1a1c01bbd47fc00a2c39e90264f33305004495a9","hash":"90c975f4ea302f50663de42e08acb8d538d6ea0e"}
}
