TN:
SF:index.js
FN:21,(anonymous_0)
FNF:1
FNH:1
FNDA:6,(anonymous_0)
DA:1,6
DA:2,6
DA:3,6
DA:4,6
DA:5,6
DA:6,6
DA:9,6
DA:10,6
DA:11,6
DA:12,6
DA:14,6
DA:16,6
DA:19,6
DA:21,6
DA:22,6
DA:25,6
LF:16
LH:16
BRDA:16,0,0,6
BRDA:16,0,1,6
BRF:2
BRH:2
end_of_record
TN:
SF:src\config\index.js
FNF:0
FNH:0
DA:1,6
DA:3,6
LF:2
LH:2
BRF:0
BRH:0
end_of_record
TN:
SF:src\config\sequelizeConnect.js
FN:16,(anonymous_0)
FN:19,(anonymous_1)
FNF:2
FNH:0
FNDA:0,(anonymous_0)
FNDA:0,(anonymous_1)
DA:1,6
DA:2,6
DA:3,6
DA:6,6
DA:13,6
DA:14,0
DA:17,0
DA:19,0
DA:23,6
LF:9
LH:6
BRDA:13,0,0,0
BRDA:13,0,1,6
BRF:2
BRH:1
end_of_record
TN:
SF:src\contains\role.js
FNF:0
FNH:0
DA:1,6
DA:5,6
LF:2
LH:2
BRF:0
BRH:0
end_of_record
TN:
SF:src\docs\basicInfo.js
FNF:0
FNH:0
DA:1,6
LF:1
LH:1
BRF:0
BRH:0
end_of_record
TN:
SF:src\docs\components.js
FNF:0
FNH:0
DA:1,6
LF:1
LH:1
BRF:0
BRH:0
end_of_record
TN:
SF:src\docs\index.js
FNF:0
FNH:0
DA:2,6
DA:3,6
DA:4,6
DA:5,6
DA:6,6
LF:5
LH:5
BRF:0
BRH:0
end_of_record
TN:
SF:src\docs\paths.js
FNF:0
FNH:0
DA:2,6
DA:3,6
DA:4,6
DA:5,6
DA:6,6
DA:8,6
LF:6
LH:6
BRF:0
BRH:0
end_of_record
TN:
SF:src\docs\servers.js
FNF:0
FNH:0
DA:1,6
LF:1
LH:1
BRF:0
BRH:0
end_of_record
TN:
SF:src\docs\account\changePassword.js
FNF:0
FNH:0
DA:1,6
LF:1
LH:1
BRF:0
BRH:0
end_of_record
TN:
SF:src\docs\account\index.js
FNF:0
FNH:0
DA:1,6
DA:2,6
DA:3,6
DA:4,6
DA:5,6
DA:6,6
DA:8,6
LF:7
LH:7
BRF:0
BRH:0
end_of_record
TN:
SF:src\docs\account\login.js
FNF:0
FNH:0
DA:1,6
LF:1
LH:1
BRF:0
BRH:0
end_of_record
TN:
SF:src\docs\account\refreshToken.js
FNF:0
FNH:0
DA:1,6
LF:1
LH:1
BRF:0
BRH:0
end_of_record
TN:
SF:src\docs\account\register.js
FNF:0
FNH:0
DA:1,6
LF:1
LH:1
BRF:0
BRH:0
end_of_record
TN:
SF:src\docs\account\resetPassword.js
FNF:0
FNH:0
DA:1,6
LF:1
LH:1
BRF:0
BRH:0
end_of_record
TN:
SF:src\docs\account\updateAdmin.js
FNF:0
FNH:0
DA:1,6
LF:1
LH:1
BRF:0
BRH:0
end_of_record
TN:
SF:src\docs\order\create-order.js
FNF:0
FNH:0
DA:1,6
LF:1
LH:1
BRF:0
BRH:0
end_of_record
TN:
SF:src\docs\order\delete-order.js
FNF:0
FNH:0
DA:1,6
LF:1
LH:1
BRF:0
BRH:0
end_of_record
TN:
SF:src\docs\order\get-order.js
FNF:0
FNH:0
DA:1,6
LF:1
LH:1
BRF:0
BRH:0
end_of_record
TN:
SF:src\docs\order\get-orderAll.js
FNF:0
FNH:0
DA:1,6
LF:1
LH:1
BRF:0
BRH:0
end_of_record
TN:
SF:src\docs\order\get-orders.js
FNF:0
FNH:0
DA:1,6
LF:1
LH:1
BRF:0
BRH:0
end_of_record
TN:
SF:src\docs\order\index.js
FNF:0
FNH:0
DA:1,6
DA:2,6
DA:3,6
DA:4,6
DA:5,6
DA:6,6
DA:8,6
LF:7
LH:7
BRF:0
BRH:0
end_of_record
TN:
SF:src\docs\order\update-order.js
FNF:0
FNH:0
DA:1,6
LF:1
LH:1
BRF:0
BRH:0
end_of_record
TN:
SF:src\docs\order_details\create-orderDetail.js
FNF:0
FNH:0
DA:1,6
LF:1
LH:1
BRF:0
BRH:0
end_of_record
TN:
SF:src\docs\order_details\delete-orderDetail.js
FNF:0
FNH:0
DA:1,6
LF:1
LH:1
BRF:0
BRH:0
end_of_record
TN:
SF:src\docs\order_details\get-orderDetail.js
FNF:0
FNH:0
DA:1,6
LF:1
LH:1
BRF:0
BRH:0
end_of_record
TN:
SF:src\docs\order_details\get-orderDetails.js
FNF:0
FNH:0
DA:1,6
LF:1
LH:1
BRF:0
BRH:0
end_of_record
TN:
SF:src\docs\order_details\index.js
FNF:0
FNH:0
DA:1,6
DA:2,6
DA:3,6
DA:4,6
DA:5,6
DA:7,6
LF:6
LH:6
BRF:0
BRH:0
end_of_record
TN:
SF:src\docs\order_details\update-orderDetail.js
FNF:0
FNH:0
DA:1,6
LF:1
LH:1
BRF:0
BRH:0
end_of_record
TN:
SF:src\docs\product\create-product.js
FNF:0
FNH:0
DA:1,6
LF:1
LH:1
BRF:0
BRH:0
end_of_record
TN:
SF:src\docs\product\delete-product.js
FNF:0
FNH:0
DA:1,6
LF:1
LH:1
BRF:0
BRH:0
end_of_record
TN:
SF:src\docs\product\get-product.js
FNF:0
FNH:0
DA:1,6
LF:1
LH:1
BRF:0
BRH:0
end_of_record
TN:
SF:src\docs\product\get-products.js
FNF:0
FNH:0
DA:1,6
LF:1
LH:1
BRF:0
BRH:0
end_of_record
TN:
SF:src\docs\product\index.js
FNF:0
FNH:0
DA:1,6
DA:2,6
DA:3,6
DA:4,6
DA:5,6
DA:7,6
LF:6
LH:6
BRF:0
BRH:0
end_of_record
TN:
SF:src\docs\product\update-product.js
FNF:0
FNH:0
DA:1,6
LF:1
LH:1
BRF:0
BRH:0
end_of_record
TN:
SF:src\docs\users\create-user.js
FNF:0
FNH:0
DA:1,6
LF:1
LH:1
BRF:0
BRH:0
end_of_record
TN:
SF:src\docs\users\delete-user.js
FNF:0
FNH:0
DA:1,6
LF:1
LH:1
BRF:0
BRH:0
end_of_record
TN:
SF:src\docs\users\get-user.js
FNF:0
FNH:0
DA:1,6
LF:1
LH:1
BRF:0
BRH:0
end_of_record
TN:
SF:src\docs\users\get-users.js
FNF:0
FNH:0
DA:1,6
LF:1
LH:1
BRF:0
BRH:0
end_of_record
TN:
SF:src\docs\users\index.js
FNF:0
FNH:0
DA:1,6
DA:2,6
DA:3,6
DA:4,6
DA:5,6
DA:7,6
LF:6
LH:6
BRF:0
BRH:0
end_of_record
TN:
SF:src\docs\users\update-user.js
FNF:0
FNH:0
DA:1,6
LF:1
LH:1
BRF:0
BRH:0
end_of_record
TN:
SF:src\middleware\auth.js
FN:4,(anonymous_0)
FN:17,(anonymous_1)
FNF:2
FNH:2
FNDA:21,(anonymous_0)
FNDA:21,(anonymous_1)
DA:1,6
DA:2,6
DA:4,6
DA:6,21
DA:7,21
DA:13,21
DA:14,0
DA:17,21
DA:18,21
DA:19,0
DA:22,21
DA:24,21
DA:27,0
DA:31,6
LF:14
LH:11
BRDA:13,0,0,0
BRDA:13,0,1,21
BRDA:18,1,0,0
BRDA:18,1,1,21
BRF:4
BRH:2
end_of_record
TN:
SF:src\middleware\authRole.js
FN:1,authRole
FN:2,(anonymous_1)
FN:3,(anonymous_2)
FNF:3
FNH:3
FNDA:84,authRole
FNDA:14,(anonymous_1)
FNDA:14,(anonymous_2)
DA:2,84
DA:3,14
DA:4,14
DA:6,0
DA:12,6
LF:5
LH:4
BRDA:3,0,0,14
BRDA:3,0,1,0
BRF:2
BRH:1
end_of_record
TN:
SF:src\middleware\index.js
FNF:0
FNH:0
DA:1,6
DA:2,6
DA:3,6
DA:5,6
LF:4
LH:4
BRF:0
BRH:0
end_of_record
TN:
SF:src\middleware\validation.js
FN:5,validation
FN:11,(anonymous_1)
FNF:2
FNH:2
FNDA:60,validation
FNDA:16,(anonymous_1)
DA:1,6
DA:2,6
DA:7,60
DA:8,0
DA:11,60
DA:12,16
DA:13,16
DA:14,16
DA:15,16
DA:17,0
DA:18,0
DA:23,6
LF:12
LH:9
BRDA:7,0,0,0
BRDA:7,0,1,60
BRDA:17,1,0,0
BRDA:17,1,1,0
BRF:4
BRH:1
end_of_record
TN:
SF:src\modules\index.js
FN:38,(anonymous_0)
FN:41,(anonymous_1)
FNF:2
FNH:1
FNDA:6,(anonymous_0)
FNDA:0,(anonymous_1)
DA:1,6
DA:4,6
DA:5,6
DA:6,6
DA:9,6
DA:11,6
DA:16,6
DA:21,6
DA:25,6
DA:30,6
DA:36,6
DA:39,6
DA:42,0
DA:45,6
LF:14
LH:13
BRF:0
BRH:0
end_of_record
TN:
SF:src\modules\order\order.controller.js
FN:5,(anonymous_0)
FN:14,(anonymous_1)
FN:40,(anonymous_2)
FN:62,(anonymous_3)
FN:81,(anonymous_4)
FN:109,(anonymous_5)
FN:124,(anonymous_6)
FNF:7
FNH:7
FNDA:1,(anonymous_0)
FNDA:1,(anonymous_1)
FNDA:1,(anonymous_2)
FNDA:1,(anonymous_3)
FNDA:2,(anonymous_4)
FNDA:1,(anonymous_5)
FNDA:1,(anonymous_6)
DA:1,6
DA:2,6
DA:4,6
DA:6,1
DA:7,1
DA:9,1
DA:11,0
DA:15,1
DA:16,1
DA:34,1
DA:35,1
DA:37,0
DA:41,1
DA:42,1
DA:53,1
DA:58,0
DA:63,1
DA:64,1
DA:66,1
DA:67,0
DA:70,1
DA:72,1
DA:73,2
DA:77,2
DA:81,2
DA:83,1
DA:91,1
DA:92,1
DA:93,2
DA:97,2
DA:100,1
DA:105,0
DA:110,1
DA:111,1
DA:112,1
DA:118,1
DA:120,0
DA:125,1
DA:126,1
DA:130,1
DA:132,0
DA:136,0
DA:139,0
DA:141,0
DA:146,6
LF:45
LH:35
BRDA:66,0,0,0
BRDA:66,0,1,1
BRDA:118,1,0,1
BRDA:118,1,1,0
BRDA:130,2,0,1
BRDA:130,2,1,0
BRF:6
BRH:3
end_of_record
TN:
SF:src\modules\order\order.model.js
FNF:0
FNH:0
DA:1,6
DA:2,6
DA:4,6
DA:36,6
LF:4
LH:4
BRF:0
BRH:0
end_of_record
TN:
SF:src\modules\order_details\order_details.controller.js
FN:4,(anonymous_0)
FN:13,(anonymous_1)
FN:25,(anonymous_2)
FN:47,(anonymous_3)
FN:63,(anonymous_4)
FN:88,(anonymous_5)
FNF:6
FNH:5
FNDA:1,(anonymous_0)
FNDA:1,(anonymous_1)
FNDA:1,(anonymous_2)
FNDA:2,(anonymous_3)
FNDA:1,(anonymous_4)
FNDA:0,(anonymous_5)
DA:1,6
DA:3,6
DA:5,1
DA:6,1
DA:7,1
DA:9,0
DA:14,1
DA:15,1
DA:19,1
DA:21,0
DA:26,1
DA:27,1
DA:29,1
DA:36,1
DA:42,1
DA:47,2
DA:49,1
DA:57,1
DA:59,0
DA:64,1
DA:65,1
DA:70,1
DA:72,0
DA:76,0
DA:81,0
DA:82,0
DA:85,0
DA:88,0
DA:90,0
DA:98,0
DA:100,1
DA:105,6
LF:32
LH:21
BRDA:57,0,0,1
BRDA:57,0,1,0
BRDA:81,1,0,0
BRDA:81,1,1,0
BRF:4
BRH:1
end_of_record
TN:
SF:src\modules\order_details\order_details.model.js
FNF:0
FNH:0
DA:1,6
DA:2,6
DA:4,6
DA:33,6
LF:4
LH:4
BRF:0
BRH:0
end_of_record
TN:
SF:src\modules\product\product.controller.js
FN:5,(anonymous_0)
FN:14,(anonymous_1)
FN:23,(anonymous_2)
FN:40,(anonymous_3)
FN:51,(anonymous_4)
FNF:5
FNH:5
FNDA:1,(anonymous_0)
FNDA:1,(anonymous_1)
FNDA:1,(anonymous_2)
FNDA:1,(anonymous_3)
FNDA:1,(anonymous_4)
DA:1,6
DA:2,6
DA:4,6
DA:6,1
DA:7,1
DA:8,1
DA:10,0
DA:15,1
DA:16,1
DA:17,1
DA:19,0
DA:24,1
DA:25,1
DA:27,1
DA:29,1
DA:30,1
DA:32,0
DA:34,0
DA:36,0
DA:41,1
DA:42,1
DA:45,1
DA:47,0
DA:52,1
DA:53,1
DA:60,1
DA:61,1
DA:66,1
DA:69,1
DA:71,1
DA:76,6
LF:31
LH:25
BRDA:29,0,0,1
BRDA:29,0,1,0
BRDA:45,1,0,1
BRDA:45,1,1,0
BRDA:60,2,0,1
BRDA:60,2,1,0
BRF:6
BRH:3
end_of_record
TN:
SF:src\modules\product\product.model.js
FNF:0
FNH:0
DA:1,6
DA:2,6
DA:4,6
DA:27,6
LF:4
LH:4
BRF:0
BRH:0
end_of_record
TN:
SF:src\modules\user\auth.controller.js
FN:7,(anonymous_0)
FN:32,(anonymous_1)
FN:67,(anonymous_2)
FN:90,(anonymous_3)
FN:115,(anonymous_4)
FN:139,(anonymous_5)
FN:147,(anonymous_6)
FN:167,(anonymous_7)
FN:171,(anonymous_8)
FNF:9
FNH:9
FNDA:1,(anonymous_0)
FNDA:7,(anonymous_1)
FNDA:1,(anonymous_2)
FNDA:1,(anonymous_3)
FNDA:1,(anonymous_4)
FNDA:1,(anonymous_5)
FNDA:1,(anonymous_6)
FNDA:8,(anonymous_7)
FNDA:7,(anonymous_8)
DA:1,6
DA:2,6
DA:3,6
DA:4,6
DA:6,6
DA:8,1
DA:9,1
DA:11,1
DA:13,1
DA:14,0
DA:16,1
DA:17,1
DA:22,1
DA:24,1
DA:28,0
DA:33,7
DA:34,7
DA:36,7
DA:38,7
DA:39,0
DA:41,7
DA:42,7
DA:44,7
DA:49,7
DA:57,7
DA:63,0
DA:68,1
DA:69,1
DA:71,1
DA:73,1
DA:75,1
DA:77,1
DA:84,1
DA:86,0
DA:91,1
DA:92,1
DA:94,1
DA:95,1
DA:96,0
DA:98,1
DA:99,1
DA:101,1
DA:106,1
DA:111,0
DA:116,1
DA:117,1
DA:119,1
DA:124,1
DA:125,0
DA:128,1
DA:133,1
DA:135,0
DA:140,1
DA:143,1
DA:144,1
DA:148,1
DA:150,1
DA:151,1
DA:152,0
DA:154,1
DA:156,1
DA:162,0
DA:167,6
DA:168,8
DA:171,6
DA:172,7
DA:177,6
LF:67
LH:56
BRDA:13,0,0,0
BRDA:13,0,1,1
BRDA:38,1,0,0
BRDA:38,1,1,7
BRDA:42,2,0,0
BRDA:42,2,1,7
BRDA:73,3,0,0
BRDA:73,3,1,1
BRDA:95,4,0,0
BRDA:95,4,1,1
BRDA:124,5,0,0
BRDA:124,5,1,1
BRDA:133,6,0,1
BRDA:133,6,1,0
BRDA:148,7,0,0
BRDA:148,7,1,1
BRDA:151,8,0,0
BRDA:151,8,1,1
BRF:18
BRH:9
end_of_record
TN:
SF:src\modules\user\user.controller.js
FN:5,(anonymous_0)
FN:14,(anonymous_1)
FN:23,(anonymous_2)
FN:47,(anonymous_3)
FN:67,(anonymous_4)
FNF:5
FNH:5
FNDA:1,(anonymous_0)
FNDA:1,(anonymous_1)
FNDA:1,(anonymous_2)
FNDA:1,(anonymous_3)
FNDA:1,(anonymous_4)
DA:1,6
DA:2,6
DA:4,6
DA:6,1
DA:7,1
DA:8,1
DA:10,0
DA:15,1
DA:16,1
DA:17,1
DA:19,0
DA:24,1
DA:25,1
DA:27,1
DA:29,1
DA:30,1
DA:32,0
DA:33,0
DA:39,0
DA:41,0
DA:43,0
DA:48,1
DA:49,1
DA:50,1
DA:52,1
DA:54,1
DA:61,1
DA:63,0
DA:68,1
DA:69,1
DA:70,1
DA:72,0
DA:79,0
DA:80,0
DA:86,0
DA:92,0
DA:98,0
DA:100,0
DA:105,6
LF:39
LH:24
BRDA:29,0,0,1
BRDA:29,0,1,0
BRDA:50,1,0,0
BRDA:50,1,1,1
BRDA:61,2,0,1
BRDA:61,2,1,0
BRDA:70,3,0,1
BRDA:70,3,1,0
BRF:8
BRH:4
end_of_record
TN:
SF:src\modules\user\user.model.js
FNF:0
FNH:0
DA:1,6
DA:2,6
DA:4,6
DA:37,6
LF:4
LH:4
BRDA:26,0,0,6
BRDA:26,0,1,0
BRF:2
BRH:1
end_of_record
TN:
SF:src\routes\account.route.js
FNF:0
FNH:0
DA:1,6
DA:2,6
DA:3,6
DA:4,6
DA:5,6
DA:8,6
DA:14,6
DA:16,6
DA:18,6
DA:20,6
DA:22,6
DA:30,6
LF:12
LH:12
BRF:0
BRH:0
end_of_record
TN:
SF:src\routes\index.js
FN:8,(anonymous_0)
FNF:1
FNH:0
FNDA:0,(anonymous_0)
DA:1,6
DA:2,6
DA:3,6
DA:4,6
DA:5,6
DA:6,6
DA:8,6
DA:9,6
DA:10,6
DA:11,6
DA:12,6
DA:13,6
DA:15,6
LF:13
LH:13
BRF:0
BRH:0
end_of_record
TN:
SF:src\routes\order.route.js
FNF:0
FNH:0
DA:1,6
DA:2,6
DA:3,6
DA:4,6
DA:5,6
DA:7,6
DA:9,6
DA:10,6
DA:17,6
DA:28,6
LF:10
LH:10
BRF:0
BRH:0
end_of_record
TN:
SF:src\routes\order_details.route.js
FNF:0
FNH:0
DA:1,6
DA:2,6
DA:3,6
DA:4,6
DA:5,6
DA:8,6
DA:13,6
DA:28,6
LF:8
LH:8
BRF:0
BRH:0
end_of_record
TN:
SF:src\routes\product.route.js
FNF:0
FNH:0
DA:1,6
DA:2,6
DA:3,6
DA:4,6
DA:5,6
DA:7,6
DA:17,6
DA:28,6
LF:8
LH:8
BRF:0
BRH:0
end_of_record
TN:
SF:src\routes\user.route.js
FNF:0
FNH:0
DA:1,6
DA:2,6
DA:3,6
DA:4,6
DA:5,6
DA:7,6
DA:17,6
DA:23,6
LF:8
LH:8
BRF:0
BRH:0
end_of_record
TN:
SF:src\validation\index.js
FNF:0
FNH:0
DA:6,6
DA:10,6
DA:11,6
DA:12,6
DA:14,6
LF:5
LH:5
BRF:0
BRH:0
end_of_record
TN:
SF:src\validation\randPass.js
FN:1,randPass
FNF:1
FNH:1
FNDA:1,randPass
DA:3,1
DA:4,1
DA:5,1
DA:6,1
DA:7,5
DA:10,1
DA:11,3
DA:13,1
DA:14,1
DA:15,7
DA:16,7
DA:17,7
DA:18,7
DA:20,1
DA:21,1
DA:24,6
LF:16
LH:16
BRF:0
BRH:0
end_of_record
TN:
SF:src\validation\validation_order.js
FNF:0
FNH:0
DA:1,6
DA:3,6
DA:18,6
LF:3
LH:3
BRF:0
BRH:0
end_of_record
TN:
SF:src\validation\validation_orderDetail.js
FNF:0
FNH:0
DA:1,6
DA:3,6
DA:7,6
LF:3
LH:3
BRF:0
BRH:0
end_of_record
TN:
SF:src\validation\validation_product.js
FNF:0
FNH:0
DA:1,6
DA:3,6
DA:8,6
DA:13,6
LF:4
LH:4
BRF:0
BRH:0
end_of_record
TN:
SF:src\validation\validation_user.js
FNF:0
FNH:0
DA:1,6
DA:3,6
DA:13,6
DA:23,6
DA:27,6
DA:39,6
LF:6
LH:6
BRF:0
BRH:0
end_of_record
